#
# There is insufficient memory for the Java Runtime Environment to continue.
# Native memory allocation (malloc) failed to allocate 652336 bytes for Chunk::new
# Possible reasons:
#   The system is out of physical RAM or swap space
#   The process is running with CompressedOops enabled, and the Java Heap may be blocking the growth of the native heap
# Possible solutions:
#   Reduce memory load on the system
#   Increase physical memory or swap space
#   Check if swap backing store is full
#   Decrease Java heap size (-Xmx/-Xms)
#   Decrease number of Java threads
#   Decrease Java thread stack sizes (-Xss)
#   Set larger code cache with -XX:ReservedCodeCacheSize=
#   JVM is running with Unscaled Compressed Oops mode in which the Java heap is
#     placed in the first 4GB address space. The Java Heap base address is the
#     maximum limit for the native heap growth. Please use -XX:HeapBaseMinAddress
#     to set the Java Heap base and to place the Java Heap above 4GB virtual address.
# This output file may be truncated or incomplete.
#
#  Out of Memory Error (allocation.cpp:389), pid=16208, tid=0x0000000000000d70
#
# JRE version: OpenJDK Runtime Environment (8.0_212-b04) (build 1.8.0_212-release-1586-b04)
# Java VM: OpenJDK 64-Bit Server VM (25.212-b04 mixed mode windows-amd64 compressed oops)
# Failed to write core dump. Minidumps are not enabled by default on client versions of Windows
#

---------------  T H R E A D  ---------------

Current thread (0x0000000018af8000):  JavaThread "C2 CompilerThread1" daemon [_thread_in_native, id=3440, stack(0x000000001a140000,0x000000001a240000)]

Stack: [0x000000001a140000,0x000000001a240000]
[error occurred during error reporting (printing stack bounds), id 0xc0000005]

Native frames: (J=compiled Java code, j=interpreted, Vv=VM code, C=native code)


Current CompileTask:
C2:  10049 10181 %     4       com.android.tools.r8.B.a.a.f::a @ 66 (6094 bytes)


---------------  P R O C E S S  ---------------

Java Threads: ( => current thread )
  0x000000002a5d5800 JavaThread "ForkJoinPool.commonPool-worker-3" daemon [_thread_blocked, id=13000, stack(0x000000002b750000,0x000000002b850000)]
  0x000000002a5d5000 JavaThread "ForkJoinPool.commonPool-worker-10" daemon [_thread_blocked, id=10732, stack(0x000000002b650000,0x000000002b750000)]
  0x000000002a5d6800 JavaThread "ForkJoinPool.commonPool-worker-1" daemon [_thread_blocked, id=10700, stack(0x000000002b550000,0x000000002b650000)]
  0x000000002a5d4000 JavaThread "ForkJoinPool.commonPool-worker-8" daemon [_thread_blocked, id=16744, stack(0x000000002b450000,0x000000002b550000)]
  0x000000001fc2d800 JavaThread "ForkJoinPool.commonPool-worker-15" daemon [_thread_blocked, id=8988, stack(0x000000002b350000,0x000000002b450000)]
  0x000000001fc2c800 JavaThread "ForkJoinPool.commonPool-worker-6" daemon [_thread_blocked, id=14040, stack(0x000000002b250000,0x000000002b350000)]
  0x000000001fc2b800 JavaThread "ForkJoinPool.commonPool-worker-13" daemon [_thread_blocked, id=16284, stack(0x000000002b150000,0x000000002b250000)]
  0x000000001fc30800 JavaThread "ForkJoinPool.commonPool-worker-4" daemon [_thread_blocked, id=11124, stack(0x000000002b050000,0x000000002b150000)]
  0x000000001fc2f800 JavaThread "ForkJoinPool.commonPool-worker-11" daemon [_thread_blocked, id=3308, stack(0x000000002af50000,0x000000002b050000)]
  0x000000001fc2f000 JavaThread "ForkJoinPool.commonPool-worker-2" daemon [_thread_blocked, id=3124, stack(0x000000002ae50000,0x000000002af50000)]
  0x000000001fc2b000 JavaThread "ForkJoinPool.commonPool-worker-9" daemon [_thread_blocked, id=9116, stack(0x000000002ad50000,0x000000002ae50000)]
  0x000000001fc2e000 JavaThread "WorkerExecutor Queue" [_thread_blocked, id=9200, stack(0x00000000274e0000,0x00000000275e0000)]
  0x000000001fc2a000 JavaThread "Cache worker for execution history cache (D:\MyAndroidProject\PiliPili-Android\.gradle\6.1.1\executionHistory)" [_thread_blocked, id=13284, stack(0x0000000026de0000,0x0000000026ee0000)]
  0x000000001fc22800 JavaThread "Execution worker for ':' Thread 11" [_thread_in_Java, id=10264, stack(0x0000000026ae0000,0x0000000026be0000)]
  0x000000001fc29800 JavaThread "Execution worker for ':' Thread 10" [_thread_in_Java, id=17700, stack(0x00000000269e0000,0x0000000026ae0000)]
  0x000000001fc22000 JavaThread "Execution worker for ':' Thread 9" [_thread_in_Java, id=2964, stack(0x00000000268e0000,0x00000000269e0000)]
  0x000000001fc28800 JavaThread "Execution worker for ':' Thread 8" [_thread_blocked, id=15424, stack(0x00000000267e0000,0x00000000268e0000)]
  0x000000001fc21000 JavaThread "Execution worker for ':' Thread 7" [_thread_in_Java, id=11416, stack(0x00000000266e0000,0x00000000267e0000)]
  0x000000001fc28000 JavaThread "Execution worker for ':' Thread 6" [_thread_in_Java, id=11080, stack(0x00000000265e0000,0x00000000266e0000)]
  0x000000001fc24000 JavaThread "Execution worker for ':' Thread 5" [_thread_in_Java, id=6068, stack(0x00000000264e0000,0x00000000265e0000)]
  0x000000001fc25000 JavaThread "Execution worker for ':' Thread 4" [_thread_in_native, id=16144, stack(0x00000000263e0000,0x00000000264e0000)]
  0x000000001fc27000 JavaThread "Execution worker for ':' Thread 3" [_thread_in_native, id=4288, stack(0x00000000262e0000,0x00000000263e0000)]
  0x000000001fc26800 JavaThread "Execution worker for ':' Thread 2" [_thread_in_Java, id=15596, stack(0x00000000261e0000,0x00000000262e0000)]
  0x0000000021995000 JavaThread "Execution worker for ':'" [_thread_in_native, id=9472, stack(0x00000000260e0000,0x00000000261e0000)]
  0x0000000021993800 JavaThread "Cache worker for file content cache (D:\MyAndroidProject\PiliPili-Android\.gradle\6.1.1\fileContent)" [_thread_blocked, id=14468, stack(0x0000000025a30000,0x0000000025b30000)]
  0x0000000021994800 JavaThread "Cache worker for file content cache (C:\Users\tHROWINGuP\.gradle\caches\6.1.1\fileContent)" [_thread_blocked, id=10864, stack(0x0000000025930000,0x0000000025a30000)]
  0x0000000021991800 JavaThread "Memory manager" [_thread_blocked, id=8816, stack(0x0000000025830000,0x0000000025930000)]
  0x0000000021990800 JavaThread "Cache worker for Build Output Cleanup Cache (D:\MyAndroidProject\PiliPili-Android\.gradle\buildOutputCleanup)" [_thread_blocked, id=1020, stack(0x0000000024d30000,0x0000000024e30000)]
  0x0000000021989000 JavaThread "Build operations Thread 12" [_thread_blocked, id=7384, stack(0x0000000024630000,0x0000000024730000)]
  0x000000002198e800 JavaThread "Build operations Thread 11" [_thread_blocked, id=16596, stack(0x0000000024530000,0x0000000024630000)]
  0x0000000021990000 JavaThread "Build operations Thread 10" [_thread_blocked, id=7656, stack(0x0000000024430000,0x0000000024530000)]
  0x000000002198d800 JavaThread "Build operations Thread 9" [_thread_blocked, id=17760, stack(0x0000000024330000,0x0000000024430000)]
  0x000000002198f000 JavaThread "Build operations Thread 8" [_thread_blocked, id=4284, stack(0x0000000024230000,0x0000000024330000)]
  0x0000000021988800 JavaThread "Build operations Thread 7" [_thread_blocked, id=15100, stack(0x0000000024130000,0x0000000024230000)]
  0x0000000021986000 JavaThread "Build operations Thread 6" [_thread_blocked, id=3324, stack(0x0000000024030000,0x0000000024130000)]
  0x000000002198d000 JavaThread "Build operations Thread 5" [_thread_blocked, id=17924, stack(0x0000000023f30000,0x0000000024030000)]
  0x0000000021987800 JavaThread "Build operations Thread 4" [_thread_blocked, id=7596, stack(0x0000000023e30000,0x0000000023f30000)]
  0x000000002198b800 JavaThread "Build operations Thread 3" [_thread_blocked, id=15756, stack(0x0000000023d30000,0x0000000023e30000)]
  0x0000000021987000 JavaThread "Build operations Thread 2" [_thread_blocked, id=8028, stack(0x0000000023c30000,0x0000000023d30000)]
  0x000000002198c000 JavaThread "Build operations" [_thread_blocked, id=16608, stack(0x0000000023b30000,0x0000000023c30000)]
  0x000000001b490000 JavaThread "Cache worker for execution history cache (C:\Users\tHROWINGuP\.gradle\caches\6.1.1\executionHistory)" [_thread_blocked, id=4048, stack(0x0000000023230000,0x0000000023330000)]
  0x000000001b48b800 JavaThread "Cache worker for cache directory md-rule (C:\Users\tHROWINGuP\.gradle\caches\6.1.1\md-rule)" [_thread_blocked, id=18076, stack(0x00000000220d0000,0x00000000221d0000)]
  0x000000001b48e000 JavaThread "Cache worker for cache directory md-supplier (C:\Users\tHROWINGuP\.gradle\caches\6.1.1\md-supplier)" [_thread_blocked, id=17532, stack(0x0000000021fd0000,0x00000000220d0000)]
  0x000000001b48d000 JavaThread "Cache worker for file hash cache (D:\MyAndroidProject\PiliPili-Android\.gradle\6.1.1\fileHashes)" [_thread_blocked, id=612, stack(0x0000000020d00000,0x0000000020e00000)]
  0x000000001b48e800 JavaThread "Cache worker for checksums cache (D:\MyAndroidProject\PiliPili-Android\.gradle\checksums)" [_thread_blocked, id=17992, stack(0x000000001f290000,0x000000001f390000)]
  0x000000001b489800 JavaThread "Cache worker for file hash cache (C:\Users\tHROWINGuP\.gradle\caches\6.1.1\fileHashes)" [_thread_blocked, id=8524, stack(0x000000001e1c0000,0x000000001e2c0000)]
  0x000000001b48c800 JavaThread "File lock request listener" [_thread_in_native, id=4388, stack(0x000000001e0c0000,0x000000001e1c0000)]
  0x000000001b3c8000 JavaThread "Cache worker for journal cache (C:\Users\tHROWINGuP\.gradle\caches\journal-1)" [_thread_blocked, id=13348, stack(0x000000001dfc0000,0x000000001e0c0000)]
  0x000000001c6f2800 JavaThread "Thread-9" [_thread_blocked, id=18300, stack(0x000000001dcc0000,0x000000001ddc0000)]
  0x000000001c6db800 JavaThread "Stdin handler" [_thread_blocked, id=8964, stack(0x000000001dbc0000,0x000000001dcc0000)]
  0x000000001c6d9000 JavaThread "Asynchronous log dispatcher for DefaultDaemonConnection: socket connection from /127.0.0.1:59477 to /127.0.0.1:59478" [_thread_blocked, id=2388, stack(0x000000001dac0000,0x000000001dbc0000)]
  0x000000001c6d0000 JavaThread "Daemon worker" [_thread_in_Java, id=400, stack(0x000000001d9c0000,0x000000001dac0000)]
  0x000000001c6f8000 JavaThread "Cancel handler" [_thread_blocked, id=2844, stack(0x000000001d8c0000,0x000000001d9c0000)]
  0x000000001c698800 JavaThread "Handler for socket connection from /127.0.0.1:59477 to /127.0.0.1:59478" [_thread_in_native, id=6380, stack(0x000000001d4c0000,0x000000001d5c0000)]
  0x000000001c695800 JavaThread "Daemon" [_thread_blocked, id=16128, stack(0x000000001d3c0000,0x000000001d4c0000)]
  0x000000001c6ff000 JavaThread "Daemon periodic checks" [_thread_blocked, id=13016, stack(0x000000001d2c0000,0x000000001d3c0000)]
  0x000000001c673800 JavaThread "Incoming local TCP Connector on port 59477" [_thread_in_native, id=11912, stack(0x000000001d110000,0x000000001d210000)]
  0x000000001a864800 JavaThread "Daemon health stats" [_thread_blocked, id=11808, stack(0x000000001be10000,0x000000001bf10000)]
  0x0000000018b07000 JavaThread "Service Thread" daemon [_thread_blocked, id=11548, stack(0x000000001a440000,0x000000001a540000)]
  0x0000000018afd800 JavaThread "C1 CompilerThread3" daemon [_thread_in_native, id=16960, stack(0x000000001a340000,0x000000001a440000)]
  0x0000000018afd000 JavaThread "C2 CompilerThread2" daemon [_thread_in_native, id=16512, stack(0x000000001a240000,0x000000001a340000)]
=>0x0000000018af8000 JavaThread "C2 CompilerThread1" daemon [_thread_in_native, id=3440, stack(0x000000001a140000,0x000000001a240000)]
  0x0000000018af2000 JavaThread "C2 CompilerThread0" daemon [_thread_in_native, id=8668, stack(0x000000001a040000,0x000000001a140000)]
  0x0000000018af1800 JavaThread "Attach Listener" daemon [_thread_blocked, id=8276, stack(0x0000000019f40000,0x000000001a040000)]
  0x0000000018a9a800 JavaThread "Signal Dispatcher" daemon [_thread_blocked, id=8324, stack(0x0000000019e40000,0x0000000019f40000)]
  0x00000000033fa000 JavaThread "Finalizer" daemon [_thread_blocked, id=5244, stack(0x0000000019ce0000,0x0000000019de0000)]
  0x0000000018a83000 JavaThread "Reference Handler" daemon [_thread_blocked, id=18164, stack(0x0000000019be0000,0x0000000019ce0000)]
  0x0000000000bee800 JavaThread "main" [_thread_blocked, id=17812, stack(0x0000000002ea0000,0x0000000002fa0000)]

Other Threads:
  0x0000000018a62800 VMThread [stack: 0x0000000019ae0000,0x0000000019be0000] [id=10400]
  0x0000000018b8c800 WatcherThread [stack: 0x000000001a540000,0x000000001a640000] [id=548]

VM state:not at safepoint (normal execution)

VM Mutex/Monitor currently owned by a thread: None

heap address: 0x00000000a0000000, size: 1536 MB, Compressed Oops mode: 32-bit
Narrow klass base: 0x0000000000000000, Narrow klass shift: 3
Compressed class space size: 1073741824 Address: 0x0000000100000000

Heap:
 PSYoungGen      total 253440K, used 218208K [0x00000000e0000000, 0x00000000f1500000, 0x0000000100000000)
  eden space 227840K, 84% used [0x00000000e0000000,0x00000000ebc1c690,0x00000000ede80000)
  from space 25600K, 99% used [0x00000000ede80000,0x00000000ef77bb78,0x00000000ef780000)
  to   space 20992K, 0% used [0x00000000ef780000,0x00000000ef780000,0x00000000f0c00000)
 ParOldGen       total 128000K, used 56240K [0x00000000a0000000, 0x00000000a7d00000, 0x00000000e0000000)
  object space 128000K, 43% used [0x00000000a0000000,0x00000000a36ec328,0x00000000a7d00000)
 Metaspace       used 75930K, capacity 81580K, committed 81688K, reserved 1120256K
  class space    used 10727K, capacity 11799K, committed 11808K, reserved 1048576K

Card table byte_map: [0x00000000127c0000,0x0000000012ad0000] byte_map_base: 0x00000000122c0000

Marking Bits: (ParMarkBitMap*) 0x0000000075e79f30
 Begin Bits: [0x00000000136d0000, 0x0000000014ed0000)
 End Bits:   [0x0000000014ed0000, 0x00000000166d0000)

Polling page: 0x0000000000bd0000

CodeCache: size=245760Kb used=27121Kb max_used=27121Kb free=218638Kb
 bounds [0x0000000003400000, 0x0000000004ea0000, 0x0000000012400000]
 total_blobs=9901 nmethods=9062 adapters=748
 compilation: enabled

Compilation events (10 events):
Event: 10.045 Thread 0x0000000018afd800 nmethod 10496 0x0000000004e7f1d0 code [0x0000000004e7f320, 0x0000000004e7f490]
Event: 10.045 Thread 0x0000000018afd800 10503       2       com.android.tools.r8.u.b.l::d (40 bytes)
Event: 10.045 Thread 0x0000000018afd800 nmethod 10503 0x0000000004e7f510 code [0x0000000004e7f6a0, 0x0000000004e7f928]
Event: 10.045 Thread 0x0000000018afd800 10481       2       com.android.tools.r8.u.b.g1::k (32 bytes)
Event: 10.045 Thread 0x0000000018afd800 nmethod 10481 0x0000000004e7fa90 code [0x0000000004e7fc00, 0x0000000004e7fd88]
Event: 10.045 Thread 0x0000000018afd800 10484       2       com.android.tools.r8.u.b.v::D0 (2 bytes)
Event: 10.045 Thread 0x0000000018afd800 nmethod 10484 0x0000000004e7fe10 code [0x0000000004e7ff60, 0x0000000004e800b0]
Event: 10.045 Thread 0x0000000018afd800 10502       2       com.android.tools.r8.u.c.M::h (76 bytes)
Event: 10.046 Thread 0x0000000018afd800 nmethod 10502 0x0000000004e80150 code [0x0000000004e802c0, 0x0000000004e80468]
Event: 10.046 Thread 0x0000000018afd800 10497       2       java.util.function.BinaryOperator::maxBy (12 bytes)

GC Heap History (10 events):
Event: 6.584 GC heap before
{Heap before GC invocations=14 (full 2):
 PSYoungGen      total 166400K, used 34468K [0x00000000e0000000, 0x00000000ede00000, 0x0000000100000000)
  eden space 152064K, 13% used [0x00000000e0000000,0x00000000e13ade30,0x00000000e9480000)
  from space 14336K, 99% used [0x00000000e9480000,0x00000000ea27b478,0x00000000ea280000)
  to   space 19456K, 0% used [0x00000000ecb00000,0x00000000ecb00000,0x00000000ede00000)
 ParOldGen       total 87040K, used 28174K [0x00000000a0000000, 0x00000000a5500000, 0x00000000e0000000)
  object space 87040K, 32% used [0x00000000a0000000,0x00000000a1b83bc0,0x00000000a5500000)
 Metaspace       used 56749K, capacity 59062K, committed 59160K, reserved 1099776K
  class space    used 7829K, capacity 8404K, committed 8480K, reserved 1048576K
Event: 6.594 GC heap after
Heap after GC invocations=14 (full 2):
 PSYoungGen      total 207360K, used 1837K [0x00000000e0000000, 0x00000000ef180000, 0x0000000100000000)
  eden space 187904K, 0% used [0x00000000e0000000,0x00000000e0000000,0x00000000eb780000)
  from space 19456K, 9% used [0x00000000ecb00000,0x00000000ecccb5e0,0x00000000ede00000)
  to   space 19968K, 0% used [0x00000000eb780000,0x00000000eb780000,0x00000000ecb00000)
 ParOldGen       total 87040K, used 36164K [0x00000000a0000000, 0x00000000a5500000, 0x00000000e0000000)
  object space 87040K, 41% used [0x00000000a0000000,0x00000000a23511c0,0x00000000a5500000)
 Metaspace       used 56749K, capacity 59062K, committed 59160K, reserved 1099776K
  class space    used 7829K, capacity 8404K, committed 8480K, reserved 1048576K
}
Event: 6.594 GC heap before
{Heap before GC invocations=15 (full 3):
 PSYoungGen      total 207360K, used 1837K [0x00000000e0000000, 0x00000000ef180000, 0x0000000100000000)
  eden space 187904K, 0% used [0x00000000e0000000,0x00000000e0000000,0x00000000eb780000)
  from space 19456K, 9% used [0x00000000ecb00000,0x00000000ecccb5e0,0x00000000ede00000)
  to   space 19968K, 0% used [0x00000000eb780000,0x00000000eb780000,0x00000000ecb00000)
 ParOldGen       total 87040K, used 36164K [0x00000000a0000000, 0x00000000a5500000, 0x00000000e0000000)
  object space 87040K, 41% used [0x00000000a0000000,0x00000000a23511c0,0x00000000a5500000)
 Metaspace       used 56749K, capacity 59062K, committed 59160K, reserved 1099776K
  class space    used 7829K, capacity 8404K, committed 8480K, reserved 1048576K
Event: 6.768 GC heap after
Heap after GC invocations=15 (full 3):
 PSYoungGen      total 207360K, used 0K [0x00000000e0000000, 0x00000000ef180000, 0x0000000100000000)
  eden space 187904K, 0% used [0x00000000e0000000,0x00000000e0000000,0x00000000eb780000)
  from space 19456K, 0% used [0x00000000ecb00000,0x00000000ecb00000,0x00000000ede00000)
  to   space 19968K, 0% used [0x00000000eb780000,0x00000000eb780000,0x00000000ecb00000)
 ParOldGen       total 128000K, used 29875K [0x00000000a0000000, 0x00000000a7d00000, 0x00000000e0000000)
  object space 128000K, 23% used [0x00000000a0000000,0x00000000a1d2cef0,0x00000000a7d00000)
 Metaspace       used 56685K, capacity 58840K, committed 59160K, reserved 1099776K
  class space    used 7809K, capacity 8367K, committed 8480K, reserved 1048576K
}
Event: 7.922 GC heap before
{Heap before GC invocations=16 (full 3):
 PSYoungGen      total 207360K, used 187904K [0x00000000e0000000, 0x00000000ef180000, 0x0000000100000000)
  eden space 187904K, 100% used [0x00000000e0000000,0x00000000eb780000,0x00000000eb780000)
  from space 19456K, 0% used [0x00000000ecb00000,0x00000000ecb00000,0x00000000ede00000)
  to   space 19968K, 0% used [0x00000000eb780000,0x00000000eb780000,0x00000000ecb00000)
 ParOldGen       total 128000K, used 29875K [0x00000000a0000000, 0x00000000a7d00000, 0x00000000e0000000)
  object space 128000K, 23% used [0x00000000a0000000,0x00000000a1d2cef0,0x00000000a7d00000)
 Metaspace       used 61209K, capacity 65284K, committed 65432K, reserved 1105920K
  class space    used 8561K, capacity 9359K, committed 9376K, reserved 1048576K
Event: 7.935 GC heap after
Heap after GC invocations=16 (full 3):
 PSYoungGen      total 207872K, used 14784K [0x00000000e0000000, 0x00000000f0c00000, 0x0000000100000000)
  eden space 187904K, 0% used [0x00000000e0000000,0x00000000e0000000,0x00000000eb780000)
  from space 19968K, 74% used [0x00000000eb780000,0x00000000ec5f01c0,0x00000000ecb00000)
  to   space 20992K, 0% used [0x00000000ef780000,0x00000000ef780000,0x00000000f0c00000)
 ParOldGen       total 128000K, used 29883K [0x00000000a0000000, 0x00000000a7d00000, 0x00000000e0000000)
  object space 128000K, 23% used [0x00000000a0000000,0x00000000a1d2eef0,0x00000000a7d00000)
 Metaspace       used 61209K, capacity 65284K, committed 65432K, reserved 1105920K
  class space    used 8561K, capacity 9359K, committed 9376K, reserved 1048576K
}
Event: 8.812 GC heap before
{Heap before GC invocations=17 (full 3):
 PSYoungGen      total 207872K, used 202688K [0x00000000e0000000, 0x00000000f0c00000, 0x0000000100000000)
  eden space 187904K, 100% used [0x00000000e0000000,0x00000000eb780000,0x00000000eb780000)
  from space 19968K, 74% used [0x00000000eb780000,0x00000000ec5f01c0,0x00000000ecb00000)
  to   space 20992K, 0% used [0x00000000ef780000,0x00000000ef780000,0x00000000f0c00000)
 ParOldGen       total 128000K, used 29883K [0x00000000a0000000, 0x00000000a7d00000, 0x00000000e0000000)
  object space 128000K, 23% used [0x00000000a0000000,0x00000000a1d2eef0,0x00000000a7d00000)
 Metaspace       used 65917K, capacity 70186K, committed 70552K, reserved 1110016K
  class space    used 9205K, capacity 10032K, committed 10144K, reserved 1048576K
Event: 8.831 GC heap after
Heap after GC invocations=17 (full 3):
 PSYoungGen      total 248832K, used 20990K [0x00000000e0000000, 0x00000000f1500000, 0x0000000100000000)
  eden space 227840K, 0% used [0x00000000e0000000,0x00000000e0000000,0x00000000ede80000)
  from space 20992K, 99% used [0x00000000ef780000,0x00000000f0bff898,0x00000000f0c00000)
  to   space 25600K, 0% used [0x00000000ede80000,0x00000000ede80000,0x00000000ef780000)
 ParOldGen       total 128000K, used 34165K [0x00000000a0000000, 0x00000000a7d00000, 0x00000000e0000000)
  object space 128000K, 26% used [0x00000000a0000000,0x00000000a215d5d8,0x00000000a7d00000)
 Metaspace       used 65917K, capacity 70186K, committed 70552K, reserved 1110016K
  class space    used 9205K, capacity 10032K, committed 10144K, reserved 1048576K
}
Event: 9.650 GC heap before
{Heap before GC invocations=18 (full 3):
 PSYoungGen      total 248832K, used 248830K [0x00000000e0000000, 0x00000000f1500000, 0x0000000100000000)
  eden space 227840K, 100% used [0x00000000e0000000,0x00000000ede80000,0x00000000ede80000)
  from space 20992K, 99% used [0x00000000ef780000,0x00000000f0bff898,0x00000000f0c00000)
  to   space 25600K, 0% used [0x00000000ede80000,0x00000000ede80000,0x00000000ef780000)
 ParOldGen       total 128000K, used 34165K [0x00000000a0000000, 0x00000000a7d00000, 0x00000000e0000000)
  object space 128000K, 26% used [0x00000000a0000000,0x00000000a215d5d8,0x00000000a7d00000)
 Metaspace       used 74524K, capacity 79786K, committed 80024K, reserved 1118208K
  class space    used 10519K, capacity 11582K, committed 11680K, reserved 1048576K
Event: 9.683 GC heap after
Heap after GC invocations=18 (full 3):
 PSYoungGen      total 253440K, used 25582K [0x00000000e0000000, 0x00000000f1500000, 0x0000000100000000)
  eden space 227840K, 0% used [0x00000000e0000000,0x00000000e0000000,0x00000000ede80000)
  from space 25600K, 99% used [0x00000000ede80000,0x00000000ef77bb78,0x00000000ef780000)
  to   space 20992K, 0% used [0x00000000ef780000,0x00000000ef780000,0x00000000f0c00000)
 ParOldGen       total 128000K, used 56240K [0x00000000a0000000, 0x00000000a7d00000, 0x00000000e0000000)
  object space 128000K, 43% used [0x00000000a0000000,0x00000000a36ec328,0x00000000a7d00000)
 Metaspace       used 74524K, capacity 79786K, committed 80024K, reserved 1118208K
  class space    used 10519K, capacity 11582K, committed 11680K, reserved 1048576K
}

Deoptimization events (10 events):
Event: 9.868 Thread 0x0000000021995000 Uncommon trap: reason=bimorphic action=maybe_recompile pc=0x0000000003724370 method=java.util.HashMap.putVal(ILjava/lang/Object;Ljava/lang/Object;ZZ)Ljava/lang/Object; @ 203
Event: 9.873 Thread 0x0000000021995000 Uncommon trap: reason=unstable_if action=reinterpret pc=0x0000000003dce770 method=java.lang.AbstractStringBuilder.append(I)Ljava/lang/AbstractStringBuilder; @ 16
Event: 9.873 Thread 0x0000000021995000 Uncommon trap: reason=unstable_if action=reinterpret pc=0x0000000003770418 method=java.lang.Integer.getChars(II[C)V @ 7
Event: 9.876 Thread 0x000000001fc2f000 Uncommon trap: reason=array_check action=maybe_recompile pc=0x0000000004dabb4c method=java.util.TimSort.binarySort([Ljava/lang/Object;IIILjava/util/Comparator;)V @ 193
Event: 9.878 Thread 0x000000001fc2b000 Uncommon trap: reason=array_check action=maybe_recompile pc=0x0000000004dabb4c method=java.util.TimSort.binarySort([Ljava/lang/Object;IIILjava/util/Comparator;)V @ 193
Event: 9.967 Thread 0x000000001fc2a000 Uncommon trap: reason=unstable_if action=reinterpret pc=0x0000000003e40cb8 method=com.esotericsoftware.kryo.io.Output.writeString(Ljava/lang/CharSequence;)V @ 50
Event: 9.967 Thread 0x000000001fc2a000 Uncommon trap: reason=unstable_if action=reinterpret pc=0x0000000003502f58 method=com.esotericsoftware.kryo.io.Output.writeString(Ljava/lang/CharSequence;)V @ 50
Event: 9.970 Thread 0x000000001fc2a000 Uncommon trap: reason=unstable_if action=reinterpret pc=0x00000000038afe04 method=java.io.BufferedOutputStream.write([BII)V @ 6
Event: 10.006 Thread 0x000000001b3c8000 Uncommon trap: reason=predicate action=maybe_recompile pc=0x000000000474a348 method=java.util.Collections.indexedBinarySearch(Ljava/util/List;Ljava/lang/Object;)I @ 16
Event: 10.029 Thread 0x000000001b490000 Uncommon trap: reason=unstable_if action=reinterpret pc=0x0000000003f0f7ac method=org.gradle.internal.io.StreamByteBuffer.prepareRead()I @ 30

Classes redefined (0 events):
No events

Internal exceptions (10 events):
Event: 9.385 Thread 0x0000000021995000 Exception <a 'sun/nio/fs/WindowsException'> (0x00000000e94504c0) thrown at [D:\src\AOSP-openjdk-cygwin\jdk8u\hotspot\src\share\vm\prims\jni.cpp, line 710]
Event: 9.635 Thread 0x000000001fc22000 Exception <a 'sun/nio/fs/WindowsException'> (0x00000000ed46dcf8) thrown at [D:\src\AOSP-openjdk-cygwin\jdk8u\hotspot\src\share\vm\prims\jni.cpp, line 710]
Event: 9.718 Thread 0x000000001fc26800 Exception <a 'sun/nio/fs/WindowsException'> (0x00000000e0754868) thrown at [D:\src\AOSP-openjdk-cygwin\jdk8u\hotspot\src\share\vm\prims\jni.cpp, line 710]
Event: 9.748 Thread 0x000000001fc24000 Exception <a 'sun/nio/fs/WindowsException'> (0x00000000e169a708) thrown at [D:\src\AOSP-openjdk-cygwin\jdk8u\hotspot\src\share\vm\prims\jni.cpp, line 710]
Event: 9.761 Thread 0x000000001fc21000 Exception <a 'sun/nio/fs/WindowsException'> (0x00000000e19a6760) thrown at [D:\src\AOSP-openjdk-cygwin\jdk8u\hotspot\src\share\vm\prims\jni.cpp, line 710]
Event: 9.761 Thread 0x0000000021995000 Exception <a 'sun/nio/fs/WindowsException'> (0x00000000e1e50648) thrown at [D:\src\AOSP-openjdk-cygwin\jdk8u\hotspot\src\share\vm\prims\jni.cpp, line 710]
Event: 9.770 Thread 0x000000001fc22800 Exception <a 'sun/nio/fs/WindowsException'> (0x00000000e21765d8) thrown at [D:\src\AOSP-openjdk-cygwin\jdk8u\hotspot\src\share\vm\prims\jni.cpp, line 710]
Event: 9.794 Thread 0x000000001fc28000 Exception <a 'sun/nio/fs/WindowsException'> (0x00000000e2aacd10) thrown at [D:\src\AOSP-openjdk-cygwin\jdk8u\hotspot\src\share\vm\prims\jni.cpp, line 710]
Event: 9.839 Thread 0x000000001fc29800 Exception <a 'sun/nio/fs/WindowsException'> (0x00000000e3e15208) thrown at [D:\src\AOSP-openjdk-cygwin\jdk8u\hotspot\src\share\vm\prims\jni.cpp, line 710]
Event: 9.891 Thread 0x000000001fc21000 Exception <a 'sun/nio/fs/WindowsException'> (0x00000000e62eb350) thrown at [D:\src\AOSP-openjdk-cygwin\jdk8u\hotspot\src\share\vm\prims\jni.cpp, line 710]

Events (10 events):
Event: 10.029 Thread 0x000000001b490000 DEOPT PACKING pc=0x0000000003f0f7ac sp=0x000000002332e700
Event: 10.029 Thread 0x000000001b490000 DEOPT UNPACKING pc=0x000000000344557b sp=0x000000002332e698 mode 2
Event: 10.040 loading class com/android/tools/r8/u/b/d0
Event: 10.040 loading class com/android/tools/r8/u/b/d0 done
Event: 10.040 loading class com/android/tools/r8/u/b/d0
Event: 10.040 loading class com/android/tools/r8/u/b/d0 done
Event: 10.040 loading class com/android/tools/r8/u/b/d0
Event: 10.040 loading class com/android/tools/r8/u/b/d0 done
Event: 10.043 Executing VM operation: ForceSafepoint
Event: 10.044 Executing VM operation: ForceSafepoint done


Dynamic libraries:
0x00007ff62e800000 - 0x00007ff62e831000 	X:\Android Studio\jre\bin\java.exe
0x00007ffb13010000 - 0x00007ffb131f1000 	C:\Windows\SYSTEM32\ntdll.dll
0x00007ffb107b0000 - 0x00007ffb10861000 	C:\Windows\System32\KERNEL32.DLL
0x00007ffb0ffa0000 - 0x00007ffb10213000 	C:\Windows\System32\KERNELBASE.dll
0x00007ffb10f10000 - 0x00007ffb10fb1000 	C:\Windows\System32\ADVAPI32.dll
0x00007ffb12cd0000 - 0x00007ffb12d6e000 	C:\Windows\System32\msvcrt.dll
0x00007ffb12e60000 - 0x00007ffb12ebb000 	C:\Windows\System32\sechost.dll
0x00007ffb12530000 - 0x00007ffb12654000 	C:\Windows\System32\RPCRT4.dll
0x00007ffb108d0000 - 0x00007ffb10a61000 	C:\Windows\System32\USER32.dll
0x00007ffb10410000 - 0x00007ffb10430000 	C:\Windows\System32\win32u.dll
0x00007ffb12fb0000 - 0x00007ffb12fd8000 	C:\Windows\System32\GDI32.dll
0x00007ffb0f3c0000 - 0x00007ffb0f551000 	C:\Windows\System32\gdi32full.dll
0x00007ffb0f5c0000 - 0x00007ffb0f65f000 	C:\Windows\System32\msvcp_win.dll
0x00007ffb0f6e0000 - 0x00007ffb0f7d8000 	C:\Windows\System32\ucrtbase.dll
0x00007ffaff9a0000 - 0x00007ffaffc09000 	C:\Windows\WinSxS\amd64_microsoft.windows.common-controls_6595b64144ccf1df_6.0.17134.1184_none_d403e8b37c8ca406\COMCTL32.dll
0x00007ffb10480000 - 0x00007ffb107a1000 	C:\Windows\System32\combase.dll
0x00007ffb0f660000 - 0x00007ffb0f6d9000 	C:\Windows\System32\bcryptPrimitives.dll
0x00007ffb12e30000 - 0x00007ffb12e5d000 	C:\Windows\System32\IMM32.DLL
0x00000000754f0000 - 0x00000000755c2000 	X:\Android Studio\jre\jre\bin\msvcr100.dll
0x00000000756b0000 - 0x0000000075ef6000 	X:\Android Studio\jre\jre\bin\server\jvm.dll
0x00007ffb10a70000 - 0x00007ffb10a78000 	C:\Windows\System32\PSAPI.DLL
0x00007ffb0a230000 - 0x00007ffb0a239000 	C:\Windows\SYSTEM32\WSOCK32.dll
0x00007ffb0c9f0000 - 0x00007ffb0ca13000 	C:\Windows\SYSTEM32\WINMM.dll
0x00007ffb09c40000 - 0x00007ffb09c4a000 	C:\Windows\SYSTEM32\VERSION.dll
0x00007ffb124c0000 - 0x00007ffb1252c000 	C:\Windows\System32\WS2_32.dll
0x00007ffb0c9c0000 - 0x00007ffb0c9ea000 	C:\Windows\SYSTEM32\winmmbase.dll
0x00007ffb10430000 - 0x00007ffb10479000 	C:\Windows\System32\cfgmgr32.dll
0x00007ffb0a220000 - 0x00007ffb0a22f000 	X:\Android Studio\jre\jre\bin\verify.dll
0x00007ffb09730000 - 0x00007ffb09759000 	X:\Android Studio\jre\jre\bin\java.dll
0x00007ffb09710000 - 0x00007ffb09726000 	X:\Android Studio\jre\jre\bin\zip.dll
0x00007ffb10fc0000 - 0x00007ffb12405000 	C:\Windows\System32\SHELL32.dll
0x00007ffb12410000 - 0x00007ffb124b9000 	C:\Windows\System32\shcore.dll
0x00007ffb0f890000 - 0x00007ffb0ffa0000 	C:\Windows\System32\windows.storage.dll
0x00007ffb12dd0000 - 0x00007ffb12e21000 	C:\Windows\System32\shlwapi.dll
0x00007ffb0f330000 - 0x00007ffb0f341000 	C:\Windows\System32\kernel.appcore.dll
0x00007ffb0f310000 - 0x00007ffb0f32f000 	C:\Windows\System32\profapi.dll
0x00007ffb0f350000 - 0x00007ffb0f39c000 	C:\Windows\System32\powrprof.dll
0x00007ffb0f300000 - 0x00007ffb0f30a000 	C:\Windows\System32\FLTLIB.DLL
0x00007ffb096f0000 - 0x00007ffb0970a000 	X:\Android Studio\jre\jre\bin\net.dll
0x00007ffaff370000 - 0x00007ffaff53a000 	C:\Windows\SYSTEM32\urlmon.dll
0x00007ffaff6f0000 - 0x00007ffaff997000 	C:\Windows\SYSTEM32\iertutil.dll
0x00007ffb0ecf0000 - 0x00007ffb0ecfb000 	C:\Windows\SYSTEM32\CRYPTBASE.DLL
0x00007ffb0eb20000 - 0x00007ffb0eb86000 	C:\Windows\system32\mswsock.dll
0x00007ffb096d0000 - 0x00007ffb096e3000 	X:\Android Studio\jre\jre\bin\nio.dll
0x00007ffb09650000 - 0x00007ffb09676000 	C:\Users\tHROWINGuP\.gradle\native\31\windows-amd64\native-platform.dll
0x00007ffb09fd0000 - 0x00007ffb09fdd000 	X:\Android Studio\jre\jre\bin\management.dll
0x00007ffb0ecd0000 - 0x00007ffb0ece7000 	C:\Windows\SYSTEM32\CRYPTSP.dll
0x00007ffb0e6d0000 - 0x00007ffb0e703000 	C:\Windows\system32\rsaenh.dll
0x00007ffb0ee00000 - 0x00007ffb0ee25000 	C:\Windows\SYSTEM32\bcrypt.dll
0x00007ffb0f230000 - 0x00007ffb0f258000 	C:\Windows\SYSTEM32\USERENV.dll
0x00007ffb0e870000 - 0x00007ffb0e8a8000 	C:\Windows\SYSTEM32\IPHLPAPI.DLL
0x00007ffb10bf0000 - 0x00007ffb10bf8000 	C:\Windows\System32\NSI.dll
0x00007ffb07e50000 - 0x00007ffb07e66000 	C:\Windows\SYSTEM32\dhcpcsvc6.DLL
0x00007ffb07e20000 - 0x00007ffb07e3a000 	C:\Windows\SYSTEM32\dhcpcsvc.DLL

VM Arguments:
jvm_args: -Xmx1536m -Dfile.encoding=GBK -Duser.country=CN -Duser.language=zh -Duser.variant 
java_command: org.gradle.launcher.daemon.bootstrap.GradleDaemon 6.1.1
java_class_path (initial): C:\Users\tHROWINGuP\.gradle\wrapper\dists\gradle-6.1.1-all\cfmwm155h49vnt3hynmlrsdst\gradle-6.1.1\lib\gradle-launcher-6.1.1.jar
Launcher Type: SUN_STANDARD

Environment Variables:
JAVA_HOME=C:\Program Files\Java\jdk1.8.0_201
CLASSPATH=.;C:\Program Files\Java\jdk1.8.0_201\lib
PATH=C:\Program Files (x86)\Common Files\Oracle\Java\javapath;C:\Program Files (x86)\Intel\Intel(R) Management Engine Components\iCLS\;C:\Program Files\Intel\Intel(R) Management Engine Components\iCLS\;C:\Windows\system32;C:\Windows;C:\Windows\System32\Wbem;C:\Windows\System32\WindowsPowerShell\v1.0\;C:\Windows\System32\OpenSSH\;C:\Program Files (x86)\Intel\Intel(R) Management Engine Components\DAL;C:\Program Files\Intel\Intel(R) Management Engine Components\DAL;C:\Program Files (x86)\Intel\Intel(R) Management Engine Components\IPT;C:\Program Files\Intel\Intel(R) Management Engine Components\IPT;C:\Program Files (x86)\NVIDIA Corporation\PhysX\Common;C:\Program Files (x86)\Microsoft SQL Server\100\Tools\Binn\;C:\Program Files\Microsoft SQL Server\100\Tools\Binn\;C:\Program Files\Microsoft SQL Server\100\DTS\Binn\;C:\Program Files\dotnet\;C:\Program Files\Java\jdk1.8.0_201\bin;X:\Git\cmd;X:\MatLab2016A\MatLab\runtime\win64;X:\MatLab2016A\MatLab\bin;X:\MatLab2016A\MatLab\polyspace\bin;C:\Program Files (x86)\GtkSharp\;X:\Program Files (x86)\Node;X:\Program Files (x86)\Matlab2019a\runtime\win64;X:\Program Files (x86)\Matlab2019a\bin;X:\Program Files (x86)\Matlab2019a\polyspace\bin;C:\Users\tHROWINGuP\AppData\Local\Microsoft\WindowsApps;;X:\Microsoft VS Code\bin;C:\Users\tHROWINGuP\AppData\Roaming\npm
USERNAME=tHROWINGuP
OS=Windows_NT
PROCESSOR_IDENTIFIER=Intel64 Family 6 Model 158 Stepping 10, GenuineIntel



---------------  S Y S T E M  ---------------

OS: Windows 10.0 , 64 bit Build 17134 (10.0.17134.753)

CPU:total 12 (initial active 12) (6 cores per cpu, 2 threads per core) family 6 model 158 stepping 10, cmov, cx8, fxsr, mmx, sse, sse2, sse3, ssse3, sse4.1, sse4.2, popcnt, avx, avx2, aes, clmul, erms, 3dnowpref, lzcnt, ht, tsc, tscinvbit, bmi1, bmi2, adx

Memory: 4k page, physical 8258868k(1696032k free), swap 10356020k(5328k free)

vm_info: OpenJDK 64-Bit Server VM (25.212-b04) for windows-amd64 JRE (1.8.0_212-release-1586-b04), built by "builder" with MS VC++ 10.0 (VS2010)

time: Tue Jun 23 21:59:52 2020
timezone: 中国标准时间
elapsed time: 10 seconds (0d 0h 0m 10s)

