#
# There is insufficient memory for the Java Runtime Environment to continue.
# Native memory allocation (malloc) failed to allocate 131088 bytes for Chunk::new
# Possible reasons:
#   The system is out of physical RAM or swap space
#   The process is running with CompressedOops enabled, and the Java Heap may be blocking the growth of the native heap
# Possible solutions:
#   Reduce memory load on the system
#   Increase physical memory or swap space
#   Check if swap backing store is full
#   Decrease Java heap size (-Xmx/-Xms)
#   Decrease number of Java threads
#   Decrease Java thread stack sizes (-Xss)
#   Set larger code cache with -XX:ReservedCodeCacheSize=
#   JVM is running with Unscaled Compressed Oops mode in which the Java heap is
#     placed in the first 4GB address space. The Java Heap base address is the
#     maximum limit for the native heap growth. Please use -XX:HeapBaseMinAddress
#     to set the Java Heap base and to place the Java Heap above 4GB virtual address.
# This output file may be truncated or incomplete.
#
#  Out of Memory Error (allocation.cpp:389), pid=7632, tid=0x00000000000017d0
#
# JRE version: OpenJDK Runtime Environment (8.0_212-b04) (build 1.8.0_212-release-1586-b04)
# Java VM: OpenJDK 64-Bit Server VM (25.212-b04 mixed mode windows-amd64 compressed oops)
# Failed to write core dump. Minidumps are not enabled by default on client versions of Windows
#

---------------  T H R E A D  ---------------

Current thread (0x000000001838d000):  JavaThread "C2 CompilerThread2" daemon [_thread_in_native, id=6096, stack(0x0000000019aa0000,0x0000000019ba0000)]

Stack: [0x0000000019aa0000,0x0000000019ba0000]
[error occurred during error reporting (printing stack bounds), id 0xc0000005]

Native frames: (J=compiled Java code, j=interpreted, Vv=VM code, C=native code)


Current CompileTask:
C2: 103071 12392       4       com.android.builder.symbols.BytecodeRClassWriterKt::generateResourceTypeClass (595 bytes)


---------------  P R O C E S S  ---------------

Java Threads: ( => current thread )
  0x0000000022d65800 JavaThread "WorkerExecutor Queue Thread 10" [_thread_blocked, id=10988, stack(0x000000002a790000,0x000000002a890000)]
  0x0000000022d5b000 JavaThread "stdout" [_thread_in_native, id=14272, stack(0x000000002a290000,0x000000002a390000)]
  0x0000000022d5e000 JavaThread "stderr" [_thread_in_native, id=5356, stack(0x000000002a190000,0x000000002a290000)]
  0x0000000022d60000 JavaThread "stdout" [_thread_in_native, id=17648, stack(0x000000002a090000,0x000000002a190000)]
  0x0000000022d5f800 JavaThread "stderr" [_thread_in_native, id=18376, stack(0x0000000029f90000,0x000000002a090000)]
  0x0000000022d61000 JavaThread "stdout" [_thread_in_native, id=18148, stack(0x0000000029e90000,0x0000000029f90000)]
  0x0000000022d5b800 JavaThread "stderr" [_thread_in_native, id=8000, stack(0x0000000029d90000,0x0000000029e90000)]
  0x0000000022d5d000 JavaThread "stdout" [_thread_in_native, id=2888, stack(0x0000000029c90000,0x0000000029d90000)]
  0x0000000022d61800 JavaThread "stderr" [_thread_in_native, id=11512, stack(0x0000000029b90000,0x0000000029c90000)]
  0x0000000022d5e800 JavaThread "stdout" [_thread_in_native, id=3304, stack(0x0000000029a90000,0x0000000029b90000)]
  0x0000000022d5c800 JavaThread "stderr" [_thread_in_native, id=17752, stack(0x0000000029990000,0x0000000029a90000)]
  0x0000000020d36000 JavaThread "stdout" [_thread_in_native, id=18016, stack(0x0000000029890000,0x0000000029990000)]
  0x000000001e9fd800 JavaThread "stderr" [_thread_in_native, id=11824, stack(0x0000000029790000,0x0000000029890000)]
  0x000000001e9fc800 JavaThread "stdout" [_thread_in_native, id=17348, stack(0x0000000029690000,0x0000000029790000)]
  0x000000001e9f5000 JavaThread "stderr" [_thread_in_native, id=7836, stack(0x0000000029590000,0x0000000029690000)]
  0x000000001e9fc000 JavaThread "stdout" [_thread_in_native, id=2340, stack(0x0000000029490000,0x0000000029590000)]
  0x000000001e9fa800 JavaThread "stderr" [_thread_in_native, id=1632, stack(0x0000000029390000,0x0000000029490000)]
  0x000000001e9f9800 JavaThread "stdout" [_thread_in_native, id=16740, stack(0x0000000029290000,0x0000000029390000)]
  0x000000001e9f9000 JavaThread "stderr" [_thread_in_native, id=16224, stack(0x0000000029190000,0x0000000029290000)]
  0x000000001e9fb000 JavaThread "WorkerExecutor Queue Thread 9" [_thread_blocked, id=11208, stack(0x0000000028e90000,0x0000000028f90000)]
  0x000000001e9f1800 JavaThread "pool-2-thread-1" [_thread_blocked, id=17692, stack(0x0000000028d90000,0x0000000028e90000)]
  0x000000001e9f8000 JavaThread "WorkerExecutor Queue Thread 8" [_thread_blocked, id=3828, stack(0x0000000028c90000,0x0000000028d90000)]
  0x000000001e9f0800 JavaThread "WorkerExecutor Queue Thread 7" [_thread_blocked, id=10092, stack(0x0000000028b90000,0x0000000028c90000)]
  0x000000001e9f3000 JavaThread "WorkerExecutor Queue Thread 6" [_thread_blocked, id=11228, stack(0x0000000028a90000,0x0000000028b90000)]
  0x000000001e9f2000 JavaThread "WorkerExecutor Queue Thread 5" [_thread_blocked, id=11232, stack(0x0000000028990000,0x0000000028a90000)]
  0x000000001e9f7800 JavaThread "WorkerExecutor Queue Thread 4" [_thread_blocked, id=17500, stack(0x0000000028890000,0x0000000028990000)]
  0x000000001e9f6800 JavaThread "WorkerExecutor Queue Thread 3" [_thread_blocked, id=1908, stack(0x0000000028790000,0x0000000028890000)]
  0x000000001e9f6000 JavaThread "WorkerExecutor Queue Thread 2" [_thread_blocked, id=16616, stack(0x0000000028690000,0x0000000028790000)]
  0x000000001e9f4800 JavaThread "WorkerExecutor Queue" [_thread_blocked, id=3892, stack(0x0000000028590000,0x0000000028690000)]
  0x0000000020d35800 JavaThread "Cache worker for execution history cache (D:\MyAndroidProject\PiliPili-Android\.gradle\6.1.1\executionHistory)" [_thread_blocked, id=7356, stack(0x0000000028090000,0x0000000028190000)]
  0x0000000020d31800 JavaThread "Execution worker for ':' Thread 11" [_thread_in_native, id=4152, stack(0x0000000027f90000,0x0000000028090000)]
  0x0000000020d37000 JavaThread "Execution worker for ':' Thread 10" [_thread_blocked, id=17196, stack(0x0000000027e90000,0x0000000027f90000)]
  0x0000000020d34000 JavaThread "Execution worker for ':' Thread 9" [_thread_blocked, id=13400, stack(0x0000000027d90000,0x0000000027e90000)]
  0x0000000020d31000 JavaThread "Execution worker for ':' Thread 8" [_thread_blocked, id=17600, stack(0x0000000027c90000,0x0000000027d90000)]
  0x0000000020d33000 JavaThread "Execution worker for ':' Thread 7" [_thread_blocked, id=17068, stack(0x0000000027b90000,0x0000000027c90000)]
  0x0000000020d30000 JavaThread "Execution worker for ':' Thread 6" [_thread_blocked, id=14764, stack(0x0000000027a90000,0x0000000027b90000)]
  0x0000000020d32800 JavaThread "Execution worker for ':' Thread 5" [_thread_blocked, id=7304, stack(0x0000000027990000,0x0000000027a90000)]
  0x000000001f925800 JavaThread "Execution worker for ':' Thread 4" [_thread_blocked, id=16472, stack(0x0000000027890000,0x0000000027990000)]
  0x000000001f924800 JavaThread "Execution worker for ':' Thread 3" [_thread_blocked, id=11128, stack(0x0000000027790000,0x0000000027890000)]
  0x000000001f923000 JavaThread "Execution worker for ':' Thread 2" [_thread_blocked, id=6884, stack(0x0000000027690000,0x0000000027790000)]
  0x000000001f921800 JavaThread "Execution worker for ':'" [_thread_blocked, id=17732, stack(0x0000000027590000,0x0000000027690000)]
  0x000000001f921000 JavaThread "Cache worker for file content cache (D:\MyAndroidProject\PiliPili-Android\.gradle\6.1.1\fileContent)" [_thread_blocked, id=12624, stack(0x00000000263d0000,0x00000000264d0000)]
  0x000000001f920000 JavaThread "Cache worker for file content cache (C:\Users\tHROWINGuP\.gradle\caches\6.1.1\fileContent)" [_thread_blocked, id=6852, stack(0x00000000262d0000,0x00000000263d0000)]
  0x000000001f922800 JavaThread "Memory manager" [_thread_blocked, id=13708, stack(0x00000000259a0000,0x0000000025aa0000)]
  0x000000001f918000 JavaThread "Cache worker for Build Output Cleanup Cache (D:\MyAndroidProject\PiliPili-Android\.gradle\buildOutputCleanup)" [_thread_blocked, id=3856, stack(0x00000000256a0000,0x00000000257a0000)]
  0x000000001f91c800 JavaThread "Build operations Thread 12" [_thread_blocked, id=15916, stack(0x00000000253a0000,0x00000000254a0000)]
  0x000000001f91e800 JavaThread "Build operations Thread 11" [_thread_blocked, id=18160, stack(0x00000000252a0000,0x00000000253a0000)]
  0x000000001f91e000 JavaThread "Build operations Thread 10" [_thread_blocked, id=2308, stack(0x00000000251a0000,0x00000000252a0000)]
  0x000000001f91b800 JavaThread "Build operations Thread 9" [_thread_blocked, id=9120, stack(0x00000000250a0000,0x00000000251a0000)]
  0x000000001f91b000 JavaThread "Build operations Thread 8" [_thread_blocked, id=14080, stack(0x0000000024fa0000,0x00000000250a0000)]
  0x000000001f919800 JavaThread "Build operations Thread 7" [_thread_blocked, id=8, stack(0x0000000024ea0000,0x0000000024fa0000)]
  0x000000001f917000 JavaThread "Build operations Thread 6" [_thread_blocked, id=7420, stack(0x0000000024da0000,0x0000000024ea0000)]
  0x000000001f91a000 JavaThread "Build operations Thread 5" [_thread_blocked, id=10428, stack(0x0000000024ca0000,0x0000000024da0000)]
  0x000000001f91d000 JavaThread "Build operations Thread 4" [_thread_blocked, id=3092, stack(0x0000000023b40000,0x0000000023c40000)]
  0x000000001f918800 JavaThread "Build operations Thread 3" [_thread_blocked, id=12440, stack(0x0000000023a40000,0x0000000023b40000)]
  0x000000001f916800 JavaThread "Build operations Thread 2" [_thread_blocked, id=14760, stack(0x0000000022940000,0x0000000022a40000)]
  0x000000001be14000 JavaThread "Build operations" [_thread_blocked, id=7960, stack(0x0000000022840000,0x0000000022940000)]
  0x000000001be0f000 JavaThread "Cache worker for cache directory md-rule (C:\Users\tHROWINGuP\.gradle\caches\6.1.1\md-rule)" [_thread_blocked, id=12536, stack(0x0000000022740000,0x0000000022840000)]
  0x000000001be12800 JavaThread "Cache worker for cache directory md-supplier (C:\Users\tHROWINGuP\.gradle\caches\6.1.1\md-supplier)" [_thread_blocked, id=13024, stack(0x0000000022640000,0x0000000022740000)]
  0x000000001be11800 JavaThread "Cache worker for file hash cache (D:\MyAndroidProject\PiliPili-Android\.gradle\6.1.1\fileHashes)" [_thread_blocked, id=18220, stack(0x0000000022540000,0x0000000022640000)]
  0x000000001be10800 JavaThread "Cache worker for checksums cache (D:\MyAndroidProject\PiliPili-Android\.gradle\checksums)" [_thread_blocked, id=5364, stack(0x0000000022440000,0x0000000022540000)]
  0x000000001b536000 JavaThread "Thread-23" [_thread_blocked, id=14852, stack(0x0000000022340000,0x0000000022440000)]
  0x000000001b535000 JavaThread "Stdin handler" [_thread_blocked, id=18192, stack(0x0000000022240000,0x0000000022340000)]
  0x000000001b53c000 JavaThread "Asynchronous log dispatcher for DefaultDaemonConnection: socket connection from /127.0.0.1:58000 to /127.0.0.1:58423" [_thread_blocked, id=17800, stack(0x0000000022140000,0x0000000022240000)]
  0x000000001b53a800 JavaThread "Daemon worker Thread 2" [_thread_blocked, id=5200, stack(0x0000000022040000,0x0000000022140000)]
  0x000000001b539800 JavaThread "Cancel handler" [_thread_blocked, id=7112, stack(0x0000000021f40000,0x0000000022040000)]
  0x000000001b53b000 JavaThread "Handler for socket connection from /127.0.0.1:58000 to /127.0.0.1:58423" [_thread_in_native, id=8140, stack(0x0000000021e40000,0x0000000021f40000)]
  0x000000001b537800 JavaThread "Daemon Thread 2" [_thread_blocked, id=9776, stack(0x0000000021d40000,0x0000000021e40000)]
  0x000000001b538000 JavaThread "Cache worker for execution history cache (C:\Users\tHROWINGuP\.gradle\caches\6.1.1\executionHistory)" [_thread_blocked, id=1440, stack(0x0000000021620000,0x0000000021720000)]
  0x000000001b539000 JavaThread "Cache worker for file hash cache (C:\Users\tHROWINGuP\.gradle\caches\6.1.1\fileHashes)" [_thread_blocked, id=3884, stack(0x000000001d940000,0x000000001da40000)]
  0x000000001b536800 JavaThread "File lock request listener" [_thread_in_native, id=4848, stack(0x000000001d840000,0x000000001d940000)]
  0x000000001a070800 JavaThread "Cache worker for journal cache (C:\Users\tHROWINGuP\.gradle\caches\journal-1)" [_thread_blocked, id=5196, stack(0x000000001d740000,0x000000001d840000)]
  0x000000001bb42800 JavaThread "Daemon periodic checks" [_thread_blocked, id=4804, stack(0x000000001ca40000,0x000000001cb40000)]
  0x000000001bb91800 JavaThread "Incoming local TCP Connector on port 58000" [_thread_in_native, id=12664, stack(0x000000001c940000,0x000000001ca40000)]
  0x0000000019fad000 JavaThread "Daemon health stats" [_thread_blocked, id=17780, stack(0x000000001c640000,0x000000001c740000)]
  0x0000000018415000 JavaThread "Service Thread" daemon [_thread_blocked, id=13368, stack(0x0000000019ca0000,0x0000000019da0000)]
  0x000000001838d800 JavaThread "C1 CompilerThread3" daemon [_thread_in_vm, id=13504, stack(0x0000000019ba0000,0x0000000019ca0000)]
=>0x000000001838d000 JavaThread "C2 CompilerThread2" daemon [_thread_in_native, id=6096, stack(0x0000000019aa0000,0x0000000019ba0000)]
  0x0000000018388000 JavaThread "C2 CompilerThread1" daemon [_thread_blocked, id=3752, stack(0x00000000199a0000,0x0000000019aa0000)]
  0x0000000018382000 JavaThread "C2 CompilerThread0" daemon [_thread_blocked, id=10336, stack(0x00000000198a0000,0x00000000199a0000)]
  0x0000000018381800 JavaThread "Attach Listener" daemon [_thread_blocked, id=872, stack(0x00000000197a0000,0x00000000198a0000)]
  0x000000001832a800 JavaThread "Signal Dispatcher" daemon [_thread_blocked, id=9680, stack(0x00000000196a0000,0x00000000197a0000)]
  0x0000000016c21800 JavaThread "Finalizer" daemon [_thread_blocked, id=7388, stack(0x00000000195a0000,0x00000000196a0000)]
  0x0000000018313000 JavaThread "Reference Handler" daemon [_thread_blocked, id=10504, stack(0x00000000194a0000,0x00000000195a0000)]
  0x0000000002b5e800 JavaThread "main" [_thread_blocked, id=6676, stack(0x0000000002990000,0x0000000002a90000)]

Other Threads:
  0x0000000016c14800 VMThread [stack: 0x00000000193a0000,0x00000000194a0000] [id=10088]
  0x0000000018417800 WatcherThread [stack: 0x0000000019da0000,0x0000000019ea0000] [id=17876]

VM state:not at safepoint (normal execution)

VM Mutex/Monitor currently owned by a thread:  ([mutex/lock_event])
[0x0000000002b61c50] CompiledIC_lock - owner thread: 0x000000001838d800

OutOfMemory and StackOverflow Exception counts:
OutOfMemoryError java_heap_errors=2

heap address: 0x00000000a0000000, size: 1536 MB, Compressed Oops mode: 32-bit
Narrow klass base: 0x0000000000000000, Narrow klass shift: 3
Compressed class space size: 1073741824 Address: 0x0000000100000000

Heap:
 PSYoungGen      total 219648K, used 89729K [0x00000000e0000000, 0x00000000f1300000, 0x0000000100000000)
  eden space 184320K, 41% used [0x00000000e0000000,0x00000000e4aa1708,0x00000000eb400000)
  from space 35328K, 37% used [0x00000000eb400000,0x00000000ec0fefd8,0x00000000ed680000)
  to   space 33280K, 0% used [0x00000000ef280000,0x00000000ef280000,0x00000000f1300000)
 ParOldGen       total 212480K, used 68131K [0x00000000a0000000, 0x00000000acf80000, 0x00000000e0000000)
  object space 212480K, 32% used [0x00000000a0000000,0x00000000a4288d80,0x00000000acf80000)
 Metaspace       used 77933K, capacity 80982K, committed 82300K, reserved 1120256K
  class space    used 10357K, capacity 11022K, committed 11388K, reserved 1048576K

Card table byte_map: [0x0000000012020000,0x0000000012330000] byte_map_base: 0x0000000011b20000

Marking Bits: (ParMarkBitMap*) 0x0000000075e79f30
 Begin Bits: [0x0000000012f30000, 0x0000000014730000)
 End Bits:   [0x0000000014730000, 0x0000000015f30000)

Polling page: 0x0000000002560000

CodeCache: size=245760Kb used=33051Kb max_used=33052Kb free=212708Kb
 bounds [0x0000000002c60000, 0x0000000004ce0000, 0x0000000011c60000]
 total_blobs=11148 nmethods=10270 adapters=790
 compilation: enabled

Compilation events (10 events):
Event: 102.807 Thread 0x000000001838d800 nmethod 12406 0x0000000004cca710 code [0x0000000004ccaa20, 0x0000000004ccc018]
Event: 102.807 Thread 0x0000000018382000 12407       4       java.nio.ByteBuffer::allocate (22 bytes)
Event: 102.807 Thread 0x0000000018388000 nmethod 12405 0x0000000004cbffd0 code [0x0000000004cc0120, 0x0000000004cc0278]
Event: 102.809 Thread 0x0000000018382000 nmethod 12407 0x0000000004cbfbd0 code [0x0000000004cbfd20, 0x0000000004cbfed8]
Event: 102.957 Thread 0x0000000018388000 12408       4       java.io.Writer::append (7 bytes)
Event: 102.959 Thread 0x0000000018388000 nmethod 12408 0x0000000004ccd710 code [0x0000000004ccd860, 0x0000000004ccdbd8]
Event: 102.960 Thread 0x000000001838d800 12409       3       com.google.gson.reflect.TypeToken::equals (30 bytes)
Event: 102.960 Thread 0x000000001838d800 nmethod 12409 0x0000000004ccd0d0 code [0x0000000004ccd240, 0x0000000004ccd648]
Event: 102.960 Thread 0x000000001838d800 12410       3       com.google.gson.internal.$Gson$Types::equals (283 bytes)
Event: 102.962 Thread 0x000000001838d800 nmethod 12410 0x0000000004cd0d90 code [0x0000000004cd1180, 0x0000000004cd3a58]

GC Heap History (10 events):
Event: 93.141 GC heap before
{Heap before GC invocations=19 (full 3):
 PSYoungGen      total 140288K, used 140270K [0x00000000e0000000, 0x00000000ecb00000, 0x0000000100000000)
  eden space 119808K, 100% used [0x00000000e0000000,0x00000000e7500000,0x00000000e7500000)
  from space 20480K, 99% used [0x00000000e7500000,0x00000000e88fba78,0x00000000e8900000)
  to   space 24576K, 0% used [0x00000000eb300000,0x00000000eb300000,0x00000000ecb00000)
 ParOldGen       total 127488K, used 32811K [0x00000000a0000000, 0x00000000a7c80000, 0x00000000e0000000)
  object space 127488K, 25% used [0x00000000a0000000,0x00000000a200af30,0x00000000a7c80000)
 Metaspace       used 67784K, capacity 71742K, committed 71804K, reserved 1112064K
  class space    used 9280K, capacity 10064K, committed 10108K, reserved 1048576K
Event: 93.159 GC heap after
Heap after GC invocations=19 (full 3):
 PSYoungGen      total 180224K, used 23447K [0x00000000e0000000, 0x00000000ece80000, 0x0000000100000000)
  eden space 155648K, 0% used [0x00000000e0000000,0x00000000e0000000,0x00000000e9800000)
  from space 24576K, 95% used [0x00000000eb300000,0x00000000ec9e5e88,0x00000000ecb00000)
  to   space 27648K, 0% used [0x00000000e9800000,0x00000000e9800000,0x00000000eb300000)
 ParOldGen       total 127488K, used 40045K [0x00000000a0000000, 0x00000000a7c80000, 0x00000000e0000000)
  object space 127488K, 31% used [0x00000000a0000000,0x00000000a271b478,0x00000000a7c80000)
 Metaspace       used 67784K, capacity 71742K, committed 71804K, reserved 1112064K
  class space    used 9280K, capacity 10064K, committed 10108K, reserved 1048576K
}
Event: 95.390 GC heap before
{Heap before GC invocations=20 (full 3):
 PSYoungGen      total 180224K, used 130564K [0x00000000e0000000, 0x00000000ece80000, 0x0000000100000000)
  eden space 155648K, 68% used [0x00000000e0000000,0x00000000e689b4b0,0x00000000e9800000)
  from space 24576K, 95% used [0x00000000eb300000,0x00000000ec9e5e88,0x00000000ecb00000)
  to   space 27648K, 0% used [0x00000000e9800000,0x00000000e9800000,0x00000000eb300000)
 ParOldGen       total 127488K, used 40045K [0x00000000a0000000, 0x00000000a7c80000, 0x00000000e0000000)
  object space 127488K, 31% used [0x00000000a0000000,0x00000000a271b478,0x00000000a7c80000)
 Metaspace       used 69425K, capacity 73344K, committed 73380K, reserved 1112064K
  class space    used 9402K, capacity 10207K, committed 10236K, reserved 1048576K
Event: 95.410 GC heap after
Heap after GC invocations=20 (full 3):
 PSYoungGen      total 183296K, used 27641K [0x00000000e0000000, 0x00000000efb80000, 0x0000000100000000)
  eden space 155648K, 0% used [0x00000000e0000000,0x00000000e0000000,0x00000000e9800000)
  from space 27648K, 99% used [0x00000000e9800000,0x00000000eb2fe5b0,0x00000000eb300000)
  to   space 35840K, 0% used [0x00000000ed880000,0x00000000ed880000,0x00000000efb80000)
 ParOldGen       total 127488K, used 51363K [0x00000000a0000000, 0x00000000a7c80000, 0x00000000e0000000)
  object space 127488K, 40% used [0x00000000a0000000,0x00000000a3228f88,0x00000000a7c80000)
 Metaspace       used 69425K, capacity 73344K, committed 73380K, reserved 1112064K
  class space    used 9402K, capacity 10207K, committed 10236K, reserved 1048576K
}
Event: 95.410 GC heap before
{Heap before GC invocations=21 (full 4):
 PSYoungGen      total 183296K, used 27641K [0x00000000e0000000, 0x00000000efb80000, 0x0000000100000000)
  eden space 155648K, 0% used [0x00000000e0000000,0x00000000e0000000,0x00000000e9800000)
  from space 27648K, 99% used [0x00000000e9800000,0x00000000eb2fe5b0,0x00000000eb300000)
  to   space 35840K, 0% used [0x00000000ed880000,0x00000000ed880000,0x00000000efb80000)
 ParOldGen       total 127488K, used 51363K [0x00000000a0000000, 0x00000000a7c80000, 0x00000000e0000000)
  object space 127488K, 40% used [0x00000000a0000000,0x00000000a3228f88,0x00000000a7c80000)
 Metaspace       used 69425K, capacity 73344K, committed 73380K, reserved 1112064K
  class space    used 9402K, capacity 10207K, committed 10236K, reserved 1048576K
Event: 95.544 GC heap after
Heap after GC invocations=21 (full 4):
 PSYoungGen      total 183296K, used 0K [0x00000000e0000000, 0x00000000efb80000, 0x0000000100000000)
  eden space 155648K, 0% used [0x00000000e0000000,0x00000000e0000000,0x00000000e9800000)
  from space 27648K, 0% used [0x00000000e9800000,0x00000000e9800000,0x00000000eb300000)
  to   space 35840K, 0% used [0x00000000ed880000,0x00000000ed880000,0x00000000efb80000)
 ParOldGen       total 212480K, used 68115K [0x00000000a0000000, 0x00000000acf80000, 0x00000000e0000000)
  object space 212480K, 32% used [0x00000000a0000000,0x00000000a4284d80,0x00000000acf80000)
 Metaspace       used 68833K, capacity 71664K, committed 73380K, reserved 1112064K
  class space    used 9211K, capacity 9869K, committed 10236K, reserved 1048576K
}
Event: 97.594 GC heap before
{Heap before GC invocations=22 (full 4):
 PSYoungGen      total 183296K, used 155648K [0x00000000e0000000, 0x00000000efb80000, 0x0000000100000000)
  eden space 155648K, 100% used [0x00000000e0000000,0x00000000e9800000,0x00000000e9800000)
  from space 27648K, 0% used [0x00000000e9800000,0x00000000e9800000,0x00000000eb300000)
  to   space 35840K, 0% used [0x00000000ed880000,0x00000000ed880000,0x00000000efb80000)
 ParOldGen       total 212480K, used 68115K [0x00000000a0000000, 0x00000000acf80000, 0x00000000e0000000)
  object space 212480K, 32% used [0x00000000a0000000,0x00000000a4284d80,0x00000000acf80000)
 Metaspace       used 71821K, capacity 74840K, committed 76412K, reserved 1116160K
  class space    used 9599K, capacity 10307K, committed 10620K, reserved 1048576K
Event: 97.604 GC heap after
Heap after GC invocations=22 (full 4):
 PSYoungGen      total 217600K, used 6955K [0x00000000e0000000, 0x00000000ef900000, 0x0000000100000000)
  eden space 184320K, 0% used [0x00000000e0000000,0x00000000e0000000,0x00000000eb400000)
  from space 33280K, 20% used [0x00000000ed880000,0x00000000edf4af78,0x00000000ef900000)
  to   space 35328K, 0% used [0x00000000eb400000,0x00000000eb400000,0x00000000ed680000)
 ParOldGen       total 212480K, used 68123K [0x00000000a0000000, 0x00000000acf80000, 0x00000000e0000000)
  object space 212480K, 32% used [0x00000000a0000000,0x00000000a4286d80,0x00000000acf80000)
 Metaspace       used 71821K, capacity 74840K, committed 76412K, reserved 1116160K
  class space    used 9599K, capacity 10307K, committed 10620K, reserved 1048576K
}
Event: 99.587 GC heap before
{Heap before GC invocations=23 (full 4):
 PSYoungGen      total 217600K, used 191275K [0x00000000e0000000, 0x00000000ef900000, 0x0000000100000000)
  eden space 184320K, 100% used [0x00000000e0000000,0x00000000eb400000,0x00000000eb400000)
  from space 33280K, 20% used [0x00000000ed880000,0x00000000edf4af78,0x00000000ef900000)
  to   space 35328K, 0% used [0x00000000eb400000,0x00000000eb400000,0x00000000ed680000)
 ParOldGen       total 212480K, used 68123K [0x00000000a0000000, 0x00000000acf80000, 0x00000000e0000000)
  object space 212480K, 32% used [0x00000000a0000000,0x00000000a4286d80,0x00000000acf80000)
 Metaspace       used 77268K, capacity 80256K, committed 81660K, reserved 1120256K
  class space    used 10302K, capacity 10969K, committed 11260K, reserved 1048576K
Event: 99.594 GC heap after
Heap after GC invocations=23 (full 4):
 PSYoungGen      total 219648K, used 13307K [0x00000000e0000000, 0x00000000f1300000, 0x0000000100000000)
  eden space 184320K, 0% used [0x00000000e0000000,0x00000000e0000000,0x00000000eb400000)
  from space 35328K, 37% used [0x00000000eb400000,0x00000000ec0fefd8,0x00000000ed680000)
  to   space 33280K, 0% used [0x00000000ef280000,0x00000000ef280000,0x00000000f1300000)
 ParOldGen       total 212480K, used 68131K [0x00000000a0000000, 0x00000000acf80000, 0x00000000e0000000)
  object space 212480K, 32% used [0x00000000a0000000,0x00000000a4288d80,0x00000000acf80000)
 Metaspace       used 77268K, capacity 80256K, committed 81660K, reserved 1120256K
  class space    used 10302K, capacity 10969K, committed 11260K, reserved 1048576K
}

Deoptimization events (10 events):
Event: 102.397 Thread 0x000000001e9fb000 Uncommon trap: reason=speculate_class_check action=maybe_recompile pc=0x0000000004b3fc54 method=com.google.common.collect.ImmutableList.listIterator()Lcom/google/common/collect/UnmodifiableListIterator; @ 2
Event: 102.403 Thread 0x000000001e9fb000 Uncommon trap: reason=speculate_class_check action=maybe_recompile pc=0x0000000004b3fc54 method=com.google.common.collect.ImmutableList.listIterator()Lcom/google/common/collect/UnmodifiableListIterator; @ 2
Event: 102.461 Thread 0x000000001e9fb000 Uncommon trap: reason=class_check action=maybe_recompile pc=0x0000000004c0c82c method=com.google.common.collect.IndexedImmutableSet$1.get(I)Ljava/lang/Object; @ 5
Event: 102.461 Thread 0x000000001e9fb000 Uncommon trap: reason=class_check action=maybe_recompile pc=0x0000000004c0c82c method=com.google.common.collect.IndexedImmutableSet$1.get(I)Ljava/lang/Object; @ 5
Event: 102.461 Thread 0x000000001e9fb000 Uncommon trap: reason=class_check action=maybe_recompile pc=0x0000000004c0c82c method=com.google.common.collect.IndexedImmutableSet$1.get(I)Ljava/lang/Object; @ 5
Event: 102.461 Thread 0x000000001e9fb000 Uncommon trap: reason=class_check action=maybe_recompile pc=0x0000000004c0c82c method=com.google.common.collect.IndexedImmutableSet$1.get(I)Ljava/lang/Object; @ 5
Event: 102.491 Thread 0x000000001e9fb000 Uncommon trap: reason=bimorphic action=maybe_recompile pc=0x0000000004956a40 method=com.google.common.collect.AbstractIndexedListIterator.next()Ljava/lang/Object; @ 27
Event: 102.491 Thread 0x000000001e9fb000 Uncommon trap: reason=bimorphic action=maybe_recompile pc=0x0000000004956a40 method=com.google.common.collect.AbstractIndexedListIterator.next()Ljava/lang/Object; @ 27
Event: 102.697 Thread 0x000000001e9fb000 Uncommon trap: reason=unstable_if action=reinterpret pc=0x000000000451e520 method=com.google.common.base.CharMatcher$IsEither.matches(C)Z @ 13
Event: 102.697 Thread 0x000000001e9fb000 Uncommon trap: reason=unstable_if action=reinterpret pc=0x00000000034533f4 method=com.google.common.base.CharMatcher$IsEither.matches(C)Z @ 13

Classes redefined (0 events):
No events

Internal exceptions (10 events):
Event: 99.567 Thread 0x0000000020d31800 Exception <a 'java/lang/NoSuchMethodError': <clinit>> (0x00000000eb1958c8) thrown at [D:\src\AOSP-openjdk-cygwin\jdk8u\hotspot\src\share\vm\prims\jni.cpp, line 1614]
Event: 99.567 Thread 0x0000000020d31800 Exception <a 'java/lang/NoSuchMethodError': <clinit>> (0x00000000eb196be8) thrown at [D:\src\AOSP-openjdk-cygwin\jdk8u\hotspot\src\share\vm\prims\jni.cpp, line 1614]
Event: 99.656 Thread 0x0000000020d31800 Exception <a 'java/lang/NoSuchMethodError': <clinit>> (0x00000000e07fbba0) thrown at [D:\src\AOSP-openjdk-cygwin\jdk8u\hotspot\src\share\vm\prims\jni.cpp, line 1614]
Event: 99.657 Thread 0x0000000020d31800 Exception <a 'java/lang/NoSuchMethodError': <clinit>> (0x00000000e0819628) thrown at [D:\src\AOSP-openjdk-cygwin\jdk8u\hotspot\src\share\vm\prims\jni.cpp, line 1614]
Event: 99.657 Thread 0x0000000020d31800 Exception <a 'java/lang/NoSuchMethodError': <clinit>> (0x00000000e083c430) thrown at [D:\src\AOSP-openjdk-cygwin\jdk8u\hotspot\src\share\vm\prims\jni.cpp, line 1614]
Event: 99.659 Thread 0x0000000020d31800 Exception <a 'java/lang/NoSuchMethodError': <clinit>> (0x00000000e088a268) thrown at [D:\src\AOSP-openjdk-cygwin\jdk8u\hotspot\src\share\vm\prims\jni.cpp, line 1614]
Event: 99.661 Thread 0x0000000020d31800 Exception <a 'java/lang/NoSuchMethodError': <clinit>> (0x00000000e08deca8) thrown at [D:\src\AOSP-openjdk-cygwin\jdk8u\hotspot\src\share\vm\prims\jni.cpp, line 1614]
Event: 99.856 Thread 0x000000001e9fb000 Exception <a 'java/lang/NoSuchMethodError': java.lang.Object.lambda$negate$1(Ljava/lang/Object;)Z> (0x00000000e0ca9df8) thrown at [D:\src\AOSP-openjdk-cygwin\jdk8u\hotspot\src\share\vm\interpreter\linkResolver.cpp, line 620]
Event: 102.488 Thread 0x000000001e9fb000 Exception <a 'sun/nio/fs/WindowsException'> (0x00000000e2a40598) thrown at [D:\src\AOSP-openjdk-cygwin\jdk8u\hotspot\src\share\vm\prims\jni.cpp, line 710]
Event: 102.488 Thread 0x000000001e9fb000 Exception <a 'sun/nio/fs/WindowsException'> (0x00000000e2a40a40) thrown at [D:\src\AOSP-openjdk-cygwin\jdk8u\hotspot\src\share\vm\prims\jni.cpp, line 710]

Events (10 events):
Event: 102.962 Executing VM operation: RevokeBias
Event: 102.962 Executing VM operation: RevokeBias done
Event: 102.962 Executing VM operation: RevokeBias
Event: 102.962 Executing VM operation: RevokeBias done
Event: 102.962 Executing VM operation: RevokeBias
Event: 102.962 Executing VM operation: RevokeBias done
Event: 102.962 Executing VM operation: RevokeBias
Event: 102.963 Executing VM operation: RevokeBias done
Event: 102.963 Executing VM operation: BulkRevokeBias
Event: 102.963 Executing VM operation: BulkRevokeBias done


Dynamic libraries:
0x00007ff62e800000 - 0x00007ff62e831000 	X:\Android Studio\jre\bin\java.exe
0x00007ffb13010000 - 0x00007ffb131f1000 	C:\Windows\SYSTEM32\ntdll.dll
0x00007ffb107b0000 - 0x00007ffb10861000 	C:\Windows\System32\KERNEL32.DLL
0x00007ffb0ffa0000 - 0x00007ffb10213000 	C:\Windows\System32\KERNELBASE.dll
0x00007ffb10f10000 - 0x00007ffb10fb1000 	C:\Windows\System32\ADVAPI32.dll
0x00007ffb12cd0000 - 0x00007ffb12d6e000 	C:\Windows\System32\msvcrt.dll
0x00007ffb12e60000 - 0x00007ffb12ebb000 	C:\Windows\System32\sechost.dll
0x00007ffb12530000 - 0x00007ffb12654000 	C:\Windows\System32\RPCRT4.dll
0x00007ffb108d0000 - 0x00007ffb10a61000 	C:\Windows\System32\USER32.dll
0x00007ffb10410000 - 0x00007ffb10430000 	C:\Windows\System32\win32u.dll
0x00007ffb12fb0000 - 0x00007ffb12fd8000 	C:\Windows\System32\GDI32.dll
0x00007ffb0f3c0000 - 0x00007ffb0f551000 	C:\Windows\System32\gdi32full.dll
0x00007ffb0f5c0000 - 0x00007ffb0f65f000 	C:\Windows\System32\msvcp_win.dll
0x00007ffb0f6e0000 - 0x00007ffb0f7d8000 	C:\Windows\System32\ucrtbase.dll
0x00007ffaff9a0000 - 0x00007ffaffc09000 	C:\Windows\WinSxS\amd64_microsoft.windows.common-controls_6595b64144ccf1df_6.0.17134.1184_none_d403e8b37c8ca406\COMCTL32.dll
0x00007ffb10480000 - 0x00007ffb107a1000 	C:\Windows\System32\combase.dll
0x00007ffb0f660000 - 0x00007ffb0f6d9000 	C:\Windows\System32\bcryptPrimitives.dll
0x00007ffb12e30000 - 0x00007ffb12e5d000 	C:\Windows\System32\IMM32.DLL
0x00000000754f0000 - 0x00000000755c2000 	X:\Android Studio\jre\jre\bin\msvcr100.dll
0x00000000756b0000 - 0x0000000075ef6000 	X:\Android Studio\jre\jre\bin\server\jvm.dll
0x00007ffb10a70000 - 0x00007ffb10a78000 	C:\Windows\System32\PSAPI.DLL
0x00007ffb0a230000 - 0x00007ffb0a239000 	C:\Windows\SYSTEM32\WSOCK32.dll
0x00007ffb0c9f0000 - 0x00007ffb0ca13000 	C:\Windows\SYSTEM32\WINMM.dll
0x00007ffb09c40000 - 0x00007ffb09c4a000 	C:\Windows\SYSTEM32\VERSION.dll
0x00007ffb124c0000 - 0x00007ffb1252c000 	C:\Windows\System32\WS2_32.dll
0x00007ffb0c9c0000 - 0x00007ffb0c9ea000 	C:\Windows\SYSTEM32\WINMMBASE.dll
0x00007ffb10430000 - 0x00007ffb10479000 	C:\Windows\System32\cfgmgr32.dll
0x00007ffb0a220000 - 0x00007ffb0a22f000 	X:\Android Studio\jre\jre\bin\verify.dll
0x00007ffb09730000 - 0x00007ffb09759000 	X:\Android Studio\jre\jre\bin\java.dll
0x00007ffb09710000 - 0x00007ffb09726000 	X:\Android Studio\jre\jre\bin\zip.dll
0x00007ffb10fc0000 - 0x00007ffb12405000 	C:\Windows\System32\SHELL32.dll
0x00007ffb12410000 - 0x00007ffb124b9000 	C:\Windows\System32\shcore.dll
0x00007ffb0f890000 - 0x00007ffb0ffa0000 	C:\Windows\System32\windows.storage.dll
0x00007ffb12dd0000 - 0x00007ffb12e21000 	C:\Windows\System32\shlwapi.dll
0x00007ffb0f330000 - 0x00007ffb0f341000 	C:\Windows\System32\kernel.appcore.dll
0x00007ffb0f310000 - 0x00007ffb0f32f000 	C:\Windows\System32\profapi.dll
0x00007ffb0f350000 - 0x00007ffb0f39c000 	C:\Windows\System32\powrprof.dll
0x00007ffb0f300000 - 0x00007ffb0f30a000 	C:\Windows\System32\FLTLIB.DLL
0x00007ffb096f0000 - 0x00007ffb0970a000 	X:\Android Studio\jre\jre\bin\net.dll
0x00007ffaff370000 - 0x00007ffaff53a000 	C:\Windows\SYSTEM32\urlmon.dll
0x00007ffaff6f0000 - 0x00007ffaff997000 	C:\Windows\SYSTEM32\iertutil.dll
0x00007ffb0ecf0000 - 0x00007ffb0ecfb000 	C:\Windows\SYSTEM32\CRYPTBASE.DLL
0x00007ffb0eb20000 - 0x00007ffb0eb86000 	C:\Windows\system32\mswsock.dll
0x00007ffb096d0000 - 0x00007ffb096e3000 	X:\Android Studio\jre\jre\bin\nio.dll
0x00007ffb09650000 - 0x00007ffb09676000 	C:\Users\tHROWINGuP\.gradle\native\31\windows-amd64\native-platform.dll
0x00007ffb09fd0000 - 0x00007ffb09fdd000 	X:\Android Studio\jre\jre\bin\management.dll
0x00007ffb0ecd0000 - 0x00007ffb0ece7000 	C:\Windows\SYSTEM32\CRYPTSP.dll
0x00007ffb0e6d0000 - 0x00007ffb0e703000 	C:\Windows\system32\rsaenh.dll
0x00007ffb0ee00000 - 0x00007ffb0ee25000 	C:\Windows\SYSTEM32\bcrypt.dll
0x00007ffb0f230000 - 0x00007ffb0f258000 	C:\Windows\SYSTEM32\USERENV.dll
0x00007ffb0e870000 - 0x00007ffb0e8a8000 	C:\Windows\SYSTEM32\IPHLPAPI.DLL
0x00007ffb10bf0000 - 0x00007ffb10bf8000 	C:\Windows\System32\NSI.dll
0x00007ffb07e50000 - 0x00007ffb07e66000 	C:\Windows\SYSTEM32\dhcpcsvc6.DLL
0x00007ffb07e20000 - 0x00007ffb07e3a000 	C:\Windows\SYSTEM32\dhcpcsvc.DLL
0x00007ffafbdc0000 - 0x00007ffafbde4000 	X:\Android Studio\jre\jre\bin\sunec.dll
0x00007ffb0e8b0000 - 0x00007ffb0e96e000 	C:\Windows\SYSTEM32\DNSAPI.dll
0x0000000076230000 - 0x0000000076256000 	C:\Program Files\Bonjour\mdnsNSP.dll
0x00007ffb05fa0000 - 0x00007ffb05faa000 	C:\Windows\System32\rasadhlp.dll
0x00007ffb026b0000 - 0x00007ffb02722000 	C:\Windows\System32\fwpuclnt.dll
0x00007ffafd520000 - 0x00007ffafd52b000 	X:\Android Studio\jre\jre\bin\sunmscapi.dll
0x00007ffb10220000 - 0x00007ffb10402000 	C:\Windows\System32\CRYPT32.dll
0x00007ffb0f3a0000 - 0x00007ffb0f3b2000 	C:\Windows\System32\MSASN1.dll
0x00007ffb0e3c0000 - 0x00007ffb0e3f1000 	C:\Windows\SYSTEM32\ntmarta.dll

VM Arguments:
jvm_args: -Xmx1536m -Dfile.encoding=GBK -Duser.country=CN -Duser.language=zh -Duser.variant 
java_command: org.gradle.launcher.daemon.bootstrap.GradleDaemon 6.1.1
java_class_path (initial): C:\Users\tHROWINGuP\.gradle\wrapper\dists\gradle-6.1.1-all\cfmwm155h49vnt3hynmlrsdst\gradle-6.1.1\lib\gradle-launcher-6.1.1.jar
Launcher Type: SUN_STANDARD

Environment Variables:
JAVA_HOME=C:\Program Files\Java\jdk1.8.0_201
CLASSPATH=.;C:\Program Files\Java\jdk1.8.0_201\lib
PATH=C:\Program Files (x86)\Common Files\Oracle\Java\javapath;C:\Program Files (x86)\Intel\Intel(R) Management Engine Components\iCLS\;C:\Program Files\Intel\Intel(R) Management Engine Components\iCLS\;C:\Windows\system32;C:\Windows;C:\Windows\System32\Wbem;C:\Windows\System32\WindowsPowerShell\v1.0\;C:\Windows\System32\OpenSSH\;C:\Program Files (x86)\Intel\Intel(R) Management Engine Components\DAL;C:\Program Files\Intel\Intel(R) Management Engine Components\DAL;C:\Program Files (x86)\Intel\Intel(R) Management Engine Components\IPT;C:\Program Files\Intel\Intel(R) Management Engine Components\IPT;C:\Program Files (x86)\NVIDIA Corporation\PhysX\Common;C:\Program Files (x86)\Microsoft SQL Server\100\Tools\Binn\;C:\Program Files\Microsoft SQL Server\100\Tools\Binn\;C:\Program Files\Microsoft SQL Server\100\DTS\Binn\;C:\Program Files\dotnet\;C:\Program Files\Java\jdk1.8.0_201\bin;X:\Git\cmd;X:\MatLab2016A\MatLab\runtime\win64;X:\MatLab2016A\MatLab\bin;X:\MatLab2016A\MatLab\polyspace\bin;C:\Program Files (x86)\GtkSharp\;X:\Program Files (x86)\Node;X:\Program Files (x86)\Matlab2019a\runtime\win64;X:\Program Files (x86)\Matlab2019a\bin;X:\Program Files (x86)\Matlab2019a\polyspace\bin;C:\Users\tHROWINGuP\AppData\Local\Microsoft\WindowsApps;;X:\Microsoft VS Code\bin;C:\Users\tHROWINGuP\AppData\Roaming\npm
USERNAME=tHROWINGuP
OS=Windows_NT
PROCESSOR_IDENTIFIER=Intel64 Family 6 Model 158 Stepping 10, GenuineIntel



---------------  S Y S T E M  ---------------

OS: Windows 10.0 , 64 bit Build 17134 (10.0.17134.753)

CPU:total 12 (initial active 12) (6 cores per cpu, 2 threads per core) family 6 model 158 stepping 10, cmov, cx8, fxsr, mmx, sse, sse2, sse3, ssse3, sse4.1, sse4.2, popcnt, avx, avx2, aes, clmul, erms, 3dnowpref, lzcnt, ht, tsc, tscinvbit, bmi1, bmi2, adx

Memory: 4k page, physical 8258868k(1889024k free), swap 10356020k(5188k free)

vm_info: OpenJDK 64-Bit Server VM (25.212-b04) for windows-amd64 JRE (1.8.0_212-release-1586-b04), built by "builder" with MS VC++ 10.0 (VS2010)

time: Tue Jun 23 21:57:07 2020
timezone: 中国标准时间
elapsed time: 103 seconds (0d 0h 1m 43s)

