#
# There is insufficient memory for the Java Runtime Environment to continue.
# Native memory allocation (malloc) failed to allocate 890416 bytes for Chunk::new
# Possible reasons:
#   The system is out of physical RAM or swap space
#   The process is running with CompressedOops enabled, and the Java Heap may be blocking the growth of the native heap
# Possible solutions:
#   Reduce memory load on the system
#   Increase physical memory or swap space
#   Check if swap backing store is full
#   Decrease Java heap size (-Xmx/-Xms)
#   Decrease number of Java threads
#   Decrease Java thread stack sizes (-Xss)
#   Set larger code cache with -XX:ReservedCodeCacheSize=
#   JVM is running with Unscaled Compressed Oops mode in which the Java heap is
#     placed in the first 4GB address space. The Java Heap base address is the
#     maximum limit for the native heap growth. Please use -XX:HeapBaseMinAddress
#     to set the Java Heap base and to place the Java Heap above 4GB virtual address.
# This output file may be truncated or incomplete.
#
#  Out of Memory Error (allocation.cpp:389), pid=8828, tid=0x0000000000002db8
#
# JRE version: OpenJDK Runtime Environment (8.0_212-b04) (build 1.8.0_212-release-1586-b04)
# Java VM: OpenJDK 64-Bit Server VM (25.212-b04 mixed mode windows-amd64 compressed oops)
# Failed to write core dump. Minidumps are not enabled by default on client versions of Windows
#

---------------  T H R E A D  ---------------

Current thread (0x00000000184c3000):  JavaThread "C2 CompilerThread0" daemon [_thread_in_native, id=11704, stack(0x00000000199b0000,0x0000000019ab0000)]

Stack: [0x00000000199b0000,0x0000000019ab0000]
[error occurred during error reporting (printing stack bounds), id 0xc0000005]

Native frames: (J=compiled Java code, j=interpreted, Vv=VM code, C=native code)


Current CompileTask:
C2:  26436 14605       4       com.android.tools.r8.graph.r0::c (515 bytes)


---------------  P R O C E S S  ---------------

Java Threads: ( => current thread )
  0x000000002a61a000 JavaThread "ForkJoinPool.commonPool-worker-13" daemon [_thread_blocked, id=7028, stack(0x000000002ffa0000,0x00000000300a0000)]
  0x000000002a619800 JavaThread "ForkJoinPool.commonPool-worker-4" daemon [_thread_blocked, id=13284, stack(0x000000002fea0000,0x000000002ffa0000)]
  0x000000002a61c800 JavaThread "ForkJoinPool.commonPool-worker-11" daemon [_thread_blocked, id=6396, stack(0x000000002fca0000,0x000000002fda0000)]
  0x000000002a613800 JavaThread "ForkJoinPool.commonPool-worker-2" daemon [_thread_in_vm, id=11080, stack(0x000000002fba0000,0x000000002fca0000)]
  0x000000002a618800 JavaThread "ForkJoinPool.commonPool-worker-9" daemon [_thread_blocked, id=9880, stack(0x000000002faa0000,0x000000002fba0000)]
  0x000000002a616800 JavaThread "WorkerExecutor Queue Thread 3" [_thread_blocked, id=10264, stack(0x000000002f7a0000,0x000000002f8a0000)]
  0x000000002a617000 JavaThread "Cache worker for Java compile cache (D:\MyAndroidProject\PiliPili-Android\.gradle\6.1.1\javaCompile)" [_thread_blocked, id=6068, stack(0x000000002d4d0000,0x000000002d5d0000)]
  0x000000002a615800 JavaThread "Cache worker for Java compile cache (C:\Users\tHROWINGuP\.gradle\caches\6.1.1\javaCompile)" [_thread_blocked, id=17700, stack(0x000000002d3d0000,0x000000002d4d0000)]
  0x0000000022b14800 JavaThread "stdout" [_thread_in_native, id=2964, stack(0x00000000283c0000,0x00000000284c0000)]
  0x0000000022b15000 JavaThread "stderr" [_thread_in_native, id=15424, stack(0x00000000282c0000,0x00000000283c0000)]
  0x0000000022b13800 JavaThread "pool-2-thread-1" [_thread_blocked, id=11416, stack(0x00000000281c0000,0x00000000282c0000)]
  0x0000000022b12000 JavaThread "WorkerExecutor Queue" [_thread_in_native, id=15596, stack(0x0000000027dc0000,0x0000000027ec0000)]
  0x0000000022b09000 JavaThread "Cache worker for execution history cache (D:\MyAndroidProject\PiliPili-Android\.gradle\6.1.1\executionHistory)" [_thread_blocked, id=9472, stack(0x00000000276c0000,0x00000000277c0000)]
  0x0000000022b0f000 JavaThread "Execution worker for ':' Thread 11" [_thread_blocked, id=14468, stack(0x00000000273c0000,0x00000000274c0000)]
  0x0000000022b0a000 JavaThread "Execution worker for ':' Thread 10" [_thread_in_native, id=10864, stack(0x00000000272c0000,0x00000000273c0000)]
  0x0000000022b08800 JavaThread "Execution worker for ':' Thread 9" [_thread_blocked, id=8816, stack(0x00000000271c0000,0x00000000272c0000)]
  0x0000000022b07800 JavaThread "Execution worker for ':' Thread 8" [_thread_blocked, id=17044, stack(0x00000000270c0000,0x00000000271c0000)]
  0x0000000022b0e800 JavaThread "Execution worker for ':' Thread 7" [_thread_blocked, id=18036, stack(0x0000000026fc0000,0x00000000270c0000)]
  0x0000000022b07000 JavaThread "Execution worker for ':' Thread 6" [_thread_in_native, id=8280, stack(0x0000000026ec0000,0x0000000026fc0000)]
  0x0000000022b0b800 JavaThread "Execution worker for ':' Thread 5" [_thread_blocked, id=11096, stack(0x0000000025db0000,0x0000000025eb0000)]
  0x0000000022b0d000 JavaThread "Execution worker for ':' Thread 4" [_thread_in_native, id=11124, stack(0x0000000025cb0000,0x0000000025db0000)]
  0x0000000022b0c000 JavaThread "Execution worker for ':' Thread 3" [_thread_blocked, id=1020, stack(0x0000000025bb0000,0x0000000025cb0000)]
  0x0000000022b0d800 JavaThread "Execution worker for ':' Thread 2" [_thread_blocked, id=17184, stack(0x0000000025ab0000,0x0000000025bb0000)]
  0x00000000212ce800 JavaThread "Execution worker for ':'" [_thread_blocked, id=16528, stack(0x0000000025730000,0x0000000025830000)]
  0x00000000212cc800 JavaThread "Cache worker for file content cache (D:\MyAndroidProject\PiliPili-Android\.gradle\6.1.1\fileContent)" [_thread_blocked, id=16596, stack(0x0000000025230000,0x0000000025330000)]
  0x00000000212ce000 JavaThread "Cache worker for file content cache (C:\Users\tHROWINGuP\.gradle\caches\6.1.1\fileContent)" [_thread_blocked, id=7656, stack(0x0000000025130000,0x0000000025230000)]
  0x00000000212cb000 JavaThread "Memory manager" [_thread_blocked, id=17760, stack(0x0000000025030000,0x0000000025130000)]
  0x00000000212cd000 JavaThread "Cache worker for Build Output Cleanup Cache (D:\MyAndroidProject\PiliPili-Android\.gradle\buildOutputCleanup)" [_thread_blocked, id=4284, stack(0x0000000024730000,0x0000000024830000)]
  0x00000000212cb800 JavaThread "Build operations Thread 12" [_thread_blocked, id=15100, stack(0x0000000024030000,0x0000000024130000)]
  0x00000000212c8800 JavaThread "Build operations Thread 11" [_thread_blocked, id=3324, stack(0x0000000023f30000,0x0000000024030000)]
  0x00000000212c1000 JavaThread "Build operations Thread 10" [_thread_blocked, id=17924, stack(0x0000000023e30000,0x0000000023f30000)]
  0x00000000212c8000 JavaThread "Build operations Thread 9" [_thread_blocked, id=7596, stack(0x0000000023d30000,0x0000000023e30000)]
  0x00000000212c7000 JavaThread "Build operations Thread 8" [_thread_blocked, id=15756, stack(0x0000000023c30000,0x0000000023d30000)]
  0x00000000212c6800 JavaThread "Build operations Thread 7" [_thread_blocked, id=8028, stack(0x0000000023b30000,0x0000000023c30000)]
  0x00000000212c4000 JavaThread "Build operations Thread 6" [_thread_blocked, id=16608, stack(0x0000000023a30000,0x0000000023b30000)]
  0x00000000212c2800 JavaThread "Build operations Thread 5" [_thread_blocked, id=16496, stack(0x0000000023930000,0x0000000023a30000)]
  0x00000000212c5000 JavaThread "Build operations Thread 4" [_thread_blocked, id=14056, stack(0x0000000023830000,0x0000000023930000)]
  0x00000000212c0800 JavaThread "Build operations Thread 3" [_thread_blocked, id=16552, stack(0x0000000023730000,0x0000000023830000)]
  0x00000000212c5800 JavaThread "Build operations Thread 2" [_thread_blocked, id=17264, stack(0x0000000023630000,0x0000000023730000)]
  0x00000000212c3800 JavaThread "Build operations" [_thread_blocked, id=3604, stack(0x0000000023530000,0x0000000023630000)]
  0x000000001abca000 JavaThread "Cache worker for execution history cache (C:\Users\tHROWINGuP\.gradle\caches\6.1.1\executionHistory)" [_thread_blocked, id=17696, stack(0x0000000021820000,0x0000000021920000)]
  0x000000001abc9000 JavaThread "Cache worker for cache directory md-rule (C:\Users\tHROWINGuP\.gradle\caches\6.1.1\md-rule)" [_thread_blocked, id=9176, stack(0x0000000021720000,0x0000000021820000)]
  0x000000001abc7800 JavaThread "Cache worker for cache directory md-supplier (C:\Users\tHROWINGuP\.gradle\caches\6.1.1\md-supplier)" [_thread_blocked, id=4904, stack(0x0000000020570000,0x0000000020670000)]
  0x000000001abc3000 JavaThread "Cache worker for file hash cache (D:\MyAndroidProject\PiliPili-Android\.gradle\6.1.1\fileHashes)" [_thread_blocked, id=17808, stack(0x0000000020270000,0x0000000020370000)]
  0x000000001abc8800 JavaThread "Cache worker for checksums cache (D:\MyAndroidProject\PiliPili-Android\.gradle\checksums)" [_thread_blocked, id=4048, stack(0x0000000020170000,0x0000000020270000)]
  0x000000001abc4000 JavaThread "Cache worker for file hash cache (C:\Users\tHROWINGuP\.gradle\caches\6.1.1\fileHashes)" [_thread_blocked, id=16176, stack(0x000000001db30000,0x000000001dc30000)]
  0x000000001abc7000 JavaThread "File lock request listener" [_thread_in_native, id=18076, stack(0x000000001da30000,0x000000001db30000)]
  0x000000001ba98800 JavaThread "Cache worker for journal cache (C:\Users\tHROWINGuP\.gradle\caches\journal-1)" [_thread_blocked, id=17532, stack(0x000000001d930000,0x000000001da30000)]
  0x000000001c07d800 JavaThread "Thread-9" [_thread_blocked, id=612, stack(0x000000001d630000,0x000000001d730000)]
  0x000000001c07d000 JavaThread "Stdin handler" [_thread_blocked, id=17992, stack(0x000000001d530000,0x000000001d630000)]
  0x000000001c0f1000 JavaThread "Asynchronous log dispatcher for DefaultDaemonConnection: socket connection from /127.0.0.1:58844 to /127.0.0.1:58845" [_thread_blocked, id=9328, stack(0x000000001d430000,0x000000001d530000)]
  0x000000001c0ef800 JavaThread "Daemon worker" [_thread_in_vm, id=8524, stack(0x000000001d330000,0x000000001d430000)]
  0x000000001c080000 JavaThread "Cancel handler" [_thread_blocked, id=4388, stack(0x000000001d230000,0x000000001d330000)]
  0x000000001c04a000 JavaThread "Handler for socket connection from /127.0.0.1:58844 to /127.0.0.1:58845" [_thread_in_native, id=13348, stack(0x000000001ce30000,0x000000001cf30000)]
  0x000000001c045000 JavaThread "Daemon" [_thread_blocked, id=2388, stack(0x000000001cd30000,0x000000001ce30000)]
  0x000000001bfd3800 JavaThread "Daemon periodic checks" [_thread_blocked, id=2900, stack(0x000000001cc30000,0x000000001cd30000)]
  0x000000001bfc4000 JavaThread "Incoming local TCP Connector on port 58844" [_thread_in_native, id=18300, stack(0x000000001ca80000,0x000000001cb80000)]
  0x000000001a117800 JavaThread "Daemon health stats" [_thread_blocked, id=17052, stack(0x000000001b780000,0x000000001b880000)]
  0x000000001855a000 JavaThread "Service Thread" daemon [_thread_blocked, id=17972, stack(0x0000000019db0000,0x0000000019eb0000)]
  0x00000000184ce800 JavaThread "C1 CompilerThread3" daemon [_thread_in_native, id=17996, stack(0x0000000019cb0000,0x0000000019db0000)]
  0x00000000184ce000 JavaThread "C2 CompilerThread2" daemon [_thread_in_native, id=11536, stack(0x0000000019bb0000,0x0000000019cb0000)]
  0x00000000184c9000 JavaThread "C2 CompilerThread1" daemon [_thread_in_native, id=18020, stack(0x0000000019ab0000,0x0000000019bb0000)]
=>0x00000000184c3000 JavaThread "C2 CompilerThread0" daemon [_thread_in_native, id=11704, stack(0x00000000199b0000,0x0000000019ab0000)]
  0x00000000184c2800 JavaThread "Attach Listener" daemon [_thread_blocked, id=18156, stack(0x00000000198b0000,0x00000000199b0000)]
  0x000000001846c000 JavaThread "Signal Dispatcher" daemon [_thread_blocked, id=11136, stack(0x00000000197b0000,0x00000000198b0000)]
  0x0000000016d71800 JavaThread "Finalizer" daemon [_thread_blocked, id=416, stack(0x00000000196b0000,0x00000000197b0000)]
  0x0000000018453000 JavaThread "Reference Handler" daemon [_thread_blocked, id=15532, stack(0x00000000195b0000,0x00000000196b0000)]
  0x0000000002cae800 JavaThread "main" [_thread_blocked, id=14692, stack(0x0000000002b20000,0x0000000002c20000)]

Other Threads:
  0x0000000016d64800 VMThread [stack: 0x00000000194b0000,0x00000000195b0000] [id=6380]
  0x000000001855c000 WatcherThread [stack: 0x0000000019eb0000,0x0000000019fb0000] [id=2844]

VM state:not at safepoint (normal execution)

VM Mutex/Monitor currently owned by a thread: None

OutOfMemory and StackOverflow Exception counts:
OutOfMemoryError java_heap_errors=2

heap address: 0x00000000a0000000, size: 1536 MB, Compressed Oops mode: 32-bit
Narrow klass base: 0x0000000000000000, Narrow klass shift: 3
Compressed class space size: 1073741824 Address: 0x0000000100000000

Heap:
 PSYoungGen      total 240640K, used 184713K [0x00000000e0000000, 0x00000000f6b00000, 0x0000000100000000)
  eden space 215552K, 74% used [0x00000000e0000000,0x00000000e9c49448,0x00000000ed280000)
  from space 25088K, 98% used [0x00000000ed280000,0x00000000eea99258,0x00000000eeb00000)
  to   space 66048K, 0% used [0x00000000f2a80000,0x00000000f2a80000,0x00000000f6b00000)
 ParOldGen       total 130560K, used 55908K [0x00000000a0000000, 0x00000000a7f80000, 0x00000000e0000000)
  object space 130560K, 42% used [0x00000000a0000000,0x00000000a3699290,0x00000000a7f80000)
 Metaspace       used 92331K, capacity 96226K, committed 97176K, reserved 1132544K
  class space    used 12215K, capacity 13100K, committed 13216K, reserved 1048576K

Card table byte_map: [0x0000000012170000,0x0000000012480000] byte_map_base: 0x0000000011c70000

Marking Bits: (ParMarkBitMap*) 0x0000000075e79f30
 Begin Bits: [0x0000000013080000, 0x0000000014880000)
 End Bits:   [0x0000000014880000, 0x0000000016080000)

Polling page: 0x0000000000820000

CodeCache: size=245760Kb used=41807Kb max_used=43199Kb free=203952Kb
 bounds [0x0000000002db0000, 0x0000000005830000, 0x0000000011db0000]
 total_blobs=12989 nmethods=12109 adapters=792
 compilation: enabled

Compilation events (10 events):
Event: 26.348 Thread 0x00000000184ce800 14898   !   3       com.android.tools.r8.ArchiveClassFileProvider::<init> (162 bytes)
Event: 26.350 Thread 0x00000000184ce800 nmethod 14898 0x0000000004b1d7d0 code [0x0000000004b1dae0, 0x0000000004b1f008]
Event: 26.350 Thread 0x00000000184ce800 14911       3       com.android.tools.r8.graph.s0$b::a (466 bytes)
Event: 26.350 Thread 0x00000000184c9000 nmethod 14820 0x0000000004f0ffd0 code [0x0000000004f10140, 0x0000000004f108b8]
Event: 26.350 Thread 0x00000000184c9000 14896       4       com.android.tools.r8.graph.V::a (43 bytes)
Event: 26.352 Thread 0x00000000184ce800 nmethod 14911 0x00000000040f5210 code [0x00000000040f5760, 0x00000000040f8b18]
Event: 26.352 Thread 0x00000000184ce800 14892       3       com.android.tools.r8.graph.s0$$Lambda$1166/1016126286::accept (28 bytes)
Event: 26.352 Thread 0x00000000184ce800 nmethod 14892 0x00000000055a6810 code [0x00000000055a69c0, 0x00000000055a7058]
Event: 26.352 Thread 0x00000000184c9000 nmethod 14896 0x0000000004f0e110 code [0x0000000004f0e280, 0x0000000004f0e458]
Event: 26.352 Thread 0x00000000184ce800 14903       3       com.google.common.util.concurrent.AbstractFuture::releaseWaiters (38 bytes)

GC Heap History (10 events):
Event: 14.073 GC heap before
{Heap before GC invocations=18 (full 3):
 PSYoungGen      total 236032K, used 236019K [0x00000000e0000000, 0x00000000f0700000, 0x0000000100000000)
  eden space 215552K, 100% used [0x00000000e0000000,0x00000000ed280000,0x00000000ed280000)
  from space 20480K, 99% used [0x00000000eeb00000,0x00000000efefcd40,0x00000000eff00000)
  to   space 25088K, 0% used [0x00000000ed280000,0x00000000ed280000,0x00000000eeb00000)
 ParOldGen       total 130560K, used 34974K [0x00000000a0000000, 0x00000000a7f80000, 0x00000000e0000000)
  object space 130560K, 26% used [0x00000000a0000000,0x00000000a2227ba0,0x00000000a7f80000)
 Metaspace       used 75178K, capacity 79544K, committed 79768K, reserved 1118208K
  class space    used 10198K, capacity 11051K, committed 11168K, reserved 1048576K
Event: 14.105 GC heap after
Heap after GC invocations=18 (full 3):
 PSYoungGen      total 240640K, used 25056K [0x00000000e0000000, 0x00000000f4080000, 0x0000000100000000)
  eden space 215552K, 0% used [0x00000000e0000000,0x00000000e0000000,0x00000000ed280000)
  from space 25088K, 99% used [0x00000000ed280000,0x00000000eeaf8348,0x00000000eeb00000)
  to   space 37376K, 0% used [0x00000000f1c00000,0x00000000f1c00000,0x00000000f4080000)
 ParOldGen       total 130560K, used 58185K [0x00000000a0000000, 0x00000000a7f80000, 0x00000000e0000000)
  object space 130560K, 44% used [0x00000000a0000000,0x00000000a38d26f0,0x00000000a7f80000)
 Metaspace       used 75178K, capacity 79544K, committed 79768K, reserved 1118208K
  class space    used 10198K, capacity 11051K, committed 11168K, reserved 1048576K
}
Event: 16.311 GC heap before
{Heap before GC invocations=19 (full 3):
 PSYoungGen      total 240640K, used 240608K [0x00000000e0000000, 0x00000000f4080000, 0x0000000100000000)
  eden space 215552K, 100% used [0x00000000e0000000,0x00000000ed280000,0x00000000ed280000)
  from space 25088K, 99% used [0x00000000ed280000,0x00000000eeaf8348,0x00000000eeb00000)
  to   space 37376K, 0% used [0x00000000f1c00000,0x00000000f1c00000,0x00000000f4080000)
 ParOldGen       total 130560K, used 58185K [0x00000000a0000000, 0x00000000a7f80000, 0x00000000e0000000)
  object space 130560K, 44% used [0x00000000a0000000,0x00000000a38d26f0,0x00000000a7f80000)
 Metaspace       used 84400K, capacity 88830K, committed 89240K, reserved 1126400K
  class space    used 11251K, capacity 12142K, committed 12192K, reserved 1048576K
Event: 16.391 GC heap after
Heap after GC invocations=19 (full 3):
 PSYoungGen      total 252928K, used 37351K [0x00000000e0000000, 0x00000000f4080000, 0x0000000100000000)
  eden space 215552K, 0% used [0x00000000e0000000,0x00000000e0000000,0x00000000ed280000)
  from space 37376K, 99% used [0x00000000f1c00000,0x00000000f4079c60,0x00000000f4080000)
  to   space 25088K, 0% used [0x00000000ed280000,0x00000000ed280000,0x00000000eeb00000)
 ParOldGen       total 130560K, used 130558K [0x00000000a0000000, 0x00000000a7f80000, 0x00000000e0000000)
  object space 130560K, 99% used [0x00000000a0000000,0x00000000a7f7f908,0x00000000a7f80000)
 Metaspace       used 84400K, capacity 88830K, committed 89240K, reserved 1126400K
  class space    used 11251K, capacity 12142K, committed 12192K, reserved 1048576K
}
Event: 16.391 GC heap before
{Heap before GC invocations=20 (full 4):
 PSYoungGen      total 252928K, used 37351K [0x00000000e0000000, 0x00000000f4080000, 0x0000000100000000)
  eden space 215552K, 0% used [0x00000000e0000000,0x00000000e0000000,0x00000000ed280000)
  from space 37376K, 99% used [0x00000000f1c00000,0x00000000f4079c60,0x00000000f4080000)
  to   space 25088K, 0% used [0x00000000ed280000,0x00000000ed280000,0x00000000eeb00000)
 ParOldGen       total 130560K, used 130558K [0x00000000a0000000, 0x00000000a7f80000, 0x00000000e0000000)
  object space 130560K, 99% used [0x00000000a0000000,0x00000000a7f7f908,0x00000000a7f80000)
 Metaspace       used 84400K, capacity 88830K, committed 89240K, reserved 1126400K
  class space    used 11251K, capacity 12142K, committed 12192K, reserved 1048576K
Event: 16.818 GC heap after
Heap after GC invocations=20 (full 4):
 PSYoungGen      total 252928K, used 21320K [0x00000000e0000000, 0x00000000f4080000, 0x0000000100000000)
  eden space 215552K, 0% used [0x00000000e0000000,0x00000000e0000000,0x00000000ed280000)
  from space 37376K, 57% used [0x00000000f1c00000,0x00000000f30d21a0,0x00000000f4080000)
  to   space 25088K, 0% used [0x00000000ed280000,0x00000000ed280000,0x00000000eeb00000)
 ParOldGen       total 130560K, used 130521K [0x00000000a0000000, 0x00000000a7f80000, 0x00000000e0000000)
  object space 130560K, 99% used [0x00000000a0000000,0x00000000a7f766f0,0x00000000a7f80000)
 Metaspace       used 83651K, capacity 86688K, committed 89240K, reserved 1126400K
  class space    used 11007K, capacity 11711K, committed 12192K, reserved 1048576K
}
Event: 18.551 GC heap before
{Heap before GC invocations=21 (full 5):
 PSYoungGen      total 252928K, used 236872K [0x00000000e0000000, 0x00000000f4080000, 0x0000000100000000)
  eden space 215552K, 100% used [0x00000000e0000000,0x00000000ed280000,0x00000000ed280000)
  from space 37376K, 57% used [0x00000000f1c00000,0x00000000f30d21a0,0x00000000f4080000)
  to   space 25088K, 0% used [0x00000000ed280000,0x00000000ed280000,0x00000000eeb00000)
 ParOldGen       total 130560K, used 130521K [0x00000000a0000000, 0x00000000a7f80000, 0x00000000e0000000)
  object space 130560K, 99% used [0x00000000a0000000,0x00000000a7f766f0,0x00000000a7f80000)
 Metaspace       used 85609K, capacity 88748K, committed 91160K, reserved 1128448K
  class space    used 11180K, capacity 11907K, committed 12320K, reserved 1048576K
Event: 18.643 GC heap after
Heap after GC invocations=21 (full 5):
 PSYoungGen      total 252928K, used 0K [0x00000000e0000000, 0x00000000f4080000, 0x0000000100000000)
  eden space 215552K, 0% used [0x00000000e0000000,0x00000000e0000000,0x00000000ed280000)
  from space 37376K, 0% used [0x00000000f1c00000,0x00000000f1c00000,0x00000000f4080000)
  to   space 25088K, 0% used [0x00000000ed280000,0x00000000ed280000,0x00000000eeb00000)
 ParOldGen       total 130560K, used 55900K [0x00000000a0000000, 0x00000000a7f80000, 0x00000000e0000000)
  object space 130560K, 42% used [0x00000000a0000000,0x00000000a3697290,0x00000000a7f80000)
 Metaspace       used 85561K, capacity 88602K, committed 91160K, reserved 1128448K
  class space    used 11164K, capacity 11878K, committed 12320K, reserved 1048576K
}
Event: 26.134 GC heap before
{Heap before GC invocations=22 (full 5):
 PSYoungGen      total 252928K, used 215552K [0x00000000e0000000, 0x00000000f4080000, 0x0000000100000000)
  eden space 215552K, 100% used [0x00000000e0000000,0x00000000ed280000,0x00000000ed280000)
  from space 37376K, 0% used [0x00000000f1c00000,0x00000000f1c00000,0x00000000f4080000)
  to   space 25088K, 0% used [0x00000000ed280000,0x00000000ed280000,0x00000000eeb00000)
 ParOldGen       total 130560K, used 55900K [0x00000000a0000000, 0x00000000a7f80000, 0x00000000e0000000)
  object space 130560K, 42% used [0x00000000a0000000,0x00000000a3697290,0x00000000a7f80000)
 Metaspace       used 89368K, capacity 92894K, committed 94616K, reserved 1130496K
  class space    used 11700K, capacity 12444K, committed 12704K, reserved 1048576K
Event: 26.149 GC heap after
Heap after GC invocations=22 (full 5):
 PSYoungGen      total 240640K, used 24676K [0x00000000e0000000, 0x00000000f6b00000, 0x0000000100000000)
  eden space 215552K, 0% used [0x00000000e0000000,0x00000000e0000000,0x00000000ed280000)
  from space 25088K, 98% used [0x00000000ed280000,0x00000000eea99258,0x00000000eeb00000)
  to   space 66048K, 0% used [0x00000000f2a80000,0x00000000f2a80000,0x00000000f6b00000)
 ParOldGen       total 130560K, used 55908K [0x00000000a0000000, 0x00000000a7f80000, 0x00000000e0000000)
  object space 130560K, 42% used [0x00000000a0000000,0x00000000a3699290,0x00000000a7f80000)
 Metaspace       used 89368K, capacity 92894K, committed 94616K, reserved 1130496K
  class space    used 11700K, capacity 12444K, committed 12704K, reserved 1048576K
}

Deoptimization events (10 events):
Event: 26.245 Thread 0x0000000022b0a000 Uncommon trap: reason=unstable_if action=reinterpret pc=0x00000000038b1b4c method=com.google.common.cache.LongAdder.add(J)V @ 24
Event: 26.282 Thread 0x000000001c0ef800 Uncommon trap: reason=unstable_if action=reinterpret pc=0x0000000004fc88f0 method=com.android.tools.r8.graph.d0.a(C[BI)I @ 1
Event: 26.299 Thread 0x0000000022b0e800 Uncommon trap: reason=predicate action=maybe_recompile pc=0x0000000004b8fb4c method=java.util.Arrays.fill([Ljava/lang/Object;IILjava/lang/Object;)V @ 16
Event: 26.299 Thread 0x0000000022b07800 Uncommon trap: reason=predicate action=maybe_recompile pc=0x0000000004b8fb4c method=java.util.Arrays.fill([Ljava/lang/Object;IILjava/lang/Object;)V @ 16
Event: 26.299 Thread 0x0000000022b07000 Uncommon trap: reason=predicate action=maybe_recompile pc=0x0000000004b8fb4c method=java.util.Arrays.fill([Ljava/lang/Object;IILjava/lang/Object;)V @ 16
Event: 26.299 Thread 0x00000000212ce800 Uncommon trap: reason=predicate action=maybe_recompile pc=0x0000000004b8fb4c method=java.util.Arrays.fill([Ljava/lang/Object;IILjava/lang/Object;)V @ 16
Event: 26.315 Thread 0x000000001c0ef800 Uncommon trap: reason=unstable_if action=reinterpret pc=0x0000000004c818c0 method=com.android.tools.r8.graph.d0.a(C)I @ 1
Event: 26.315 Thread 0x000000001c0ef800 Uncommon trap: reason=unstable_if action=reinterpret pc=0x00000000032bd34c method=com.android.tools.r8.graph.d0.a(C)I @ 1
Event: 26.315 Thread 0x000000001c0ef800 Uncommon trap: reason=unstable_if action=reinterpret pc=0x000000000345da80 method=com.android.tools.r8.graph.d0.a(C)I @ 1
Event: 26.344 Thread 0x0000000022b0d000 Uncommon trap: reason=class_check action=maybe_recompile pc=0x0000000003a34dc0 method=java.lang.Throwable.<init>(Ljava/lang/String;Ljava/lang/Throwable;)V @ 24

Classes redefined (0 events):
No events

Internal exceptions (10 events):
Event: 26.027 Thread 0x0000000022b0b800 Exception <a 'java/lang/NoSuchMethodError': <clinit>> (0x00000000ea6708d8) thrown at [D:\src\AOSP-openjdk-cygwin\jdk8u\hotspot\src\share\vm\prims\jni.cpp, line 1614]
Event: 26.055 Thread 0x000000001c0ef800 Exception <a 'sun/nio/fs/WindowsException'> (0x00000000e51f8828) thrown at [D:\src\AOSP-openjdk-cygwin\jdk8u\hotspot\src\share\vm\prims\jni.cpp, line 710]
Event: 26.067 Thread 0x0000000022b12000 Exception <a 'java/lang/NoSuchMethodError': java.lang.Object.lambda$asRunnable$0(Lcom/android/tools/build/apkzlib/utils/IOExceptionRunnable;)V> (0x00000000eaa0ad90) thrown at [D:\src\AOSP-openjdk-cygwin\jdk8u\hotspot\src\share\vm\interpreter\linkResolver.
Event: 26.156 Thread 0x00000000212ce800 Exception <a 'sun/nio/fs/WindowsException'> (0x00000000e0613c18) thrown at [D:\src\AOSP-openjdk-cygwin\jdk8u\hotspot\src\share\vm\prims\jni.cpp, line 710]
Event: 26.269 Thread 0x000000001c0ef800 Exception <a 'sun/nio/fs/WindowsException'> (0x00000000e4103cc8) thrown at [D:\src\AOSP-openjdk-cygwin\jdk8u\hotspot\src\share\vm\prims\jni.cpp, line 710]
Event: 26.311 Thread 0x0000000022b0f000 Exception <a 'sun/nio/fs/WindowsException'> (0x00000000e5ceadc8) thrown at [D:\src\AOSP-openjdk-cygwin\jdk8u\hotspot\src\share\vm\prims\jni.cpp, line 710]
Event: 26.321 Thread 0x0000000022b08800 Exception <a 'sun/nio/fs/WindowsException'> (0x00000000e61cecc8) thrown at [D:\src\AOSP-openjdk-cygwin\jdk8u\hotspot\src\share\vm\prims\jni.cpp, line 710]
Event: 26.331 Thread 0x0000000022b12000 Exception <a 'java/lang/NoSuchMethodError': java.lang.Object.newSystemTemporaryDirectory()Lcom/android/tools/build/apkzlib/bytestorage/TemporaryDirectory;> (0x00000000e5f99da8) thrown at [D:\src\AOSP-openjdk-cygwin\jdk8u\hotspot\src\share\vm\interpreter\l
Event: 26.338 Thread 0x0000000022b0d800 Exception <a 'sun/nio/fs/WindowsException'> (0x00000000e6b39008) thrown at [D:\src\AOSP-openjdk-cygwin\jdk8u\hotspot\src\share\vm\prims\jni.cpp, line 710]
Event: 26.344 Thread 0x0000000022b0d000 Exception <a 'java/lang/OutOfMemoryError'> (0x00000000e6e94fd0) thrown at [D:\src\AOSP-openjdk-cygwin\jdk8u\hotspot\src\share\vm\prims\jni.cpp, line 736]

Events (10 events):
Event: 26.350 loading class com/android/tools/r8/u/b/J0
Event: 26.350 loading class com/android/tools/r8/u/b/J0 done
Event: 26.350 loading class com/android/tools/r8/u/b/D0
Event: 26.350 loading class com/android/tools/r8/u/b/D0 done
Event: 26.351 loading class com/android/tools/r8/u/b/F
Event: 26.351 loading class com/android/tools/r8/u/b/F done
Event: 26.351 loading class com/android/tools/r8/u/b/B0
Event: 26.351 loading class com/android/tools/r8/u/b/B0 done
Event: 26.352 loading class com/android/tools/r8/u/b/C
Event: 26.352 loading class com/android/tools/r8/u/b/C done


Dynamic libraries:
0x00007ff62e800000 - 0x00007ff62e831000 	X:\Android Studio\jre\bin\java.exe
0x00007ffb13010000 - 0x00007ffb131f1000 	C:\Windows\SYSTEM32\ntdll.dll
0x00007ffb107b0000 - 0x00007ffb10861000 	C:\Windows\System32\KERNEL32.DLL
0x00007ffb0ffa0000 - 0x00007ffb10213000 	C:\Windows\System32\KERNELBASE.dll
0x00007ffb10f10000 - 0x00007ffb10fb1000 	C:\Windows\System32\ADVAPI32.dll
0x00007ffb12cd0000 - 0x00007ffb12d6e000 	C:\Windows\System32\msvcrt.dll
0x00007ffb12e60000 - 0x00007ffb12ebb000 	C:\Windows\System32\sechost.dll
0x00007ffb12530000 - 0x00007ffb12654000 	C:\Windows\System32\RPCRT4.dll
0x00007ffb108d0000 - 0x00007ffb10a61000 	C:\Windows\System32\USER32.dll
0x00007ffb10410000 - 0x00007ffb10430000 	C:\Windows\System32\win32u.dll
0x00007ffb12fb0000 - 0x00007ffb12fd8000 	C:\Windows\System32\GDI32.dll
0x00007ffb0f3c0000 - 0x00007ffb0f551000 	C:\Windows\System32\gdi32full.dll
0x00007ffb0f5c0000 - 0x00007ffb0f65f000 	C:\Windows\System32\msvcp_win.dll
0x00007ffb0f6e0000 - 0x00007ffb0f7d8000 	C:\Windows\System32\ucrtbase.dll
0x00007ffaff9a0000 - 0x00007ffaffc09000 	C:\Windows\WinSxS\amd64_microsoft.windows.common-controls_6595b64144ccf1df_6.0.17134.1184_none_d403e8b37c8ca406\COMCTL32.dll
0x00007ffb10480000 - 0x00007ffb107a1000 	C:\Windows\System32\combase.dll
0x00007ffb0f660000 - 0x00007ffb0f6d9000 	C:\Windows\System32\bcryptPrimitives.dll
0x00007ffb12e30000 - 0x00007ffb12e5d000 	C:\Windows\System32\IMM32.DLL
0x00000000754f0000 - 0x00000000755c2000 	X:\Android Studio\jre\jre\bin\msvcr100.dll
0x00000000756b0000 - 0x0000000075ef6000 	X:\Android Studio\jre\jre\bin\server\jvm.dll
0x00007ffb10a70000 - 0x00007ffb10a78000 	C:\Windows\System32\PSAPI.DLL
0x00007ffb0a230000 - 0x00007ffb0a239000 	C:\Windows\SYSTEM32\WSOCK32.dll
0x00007ffb0c9f0000 - 0x00007ffb0ca13000 	C:\Windows\SYSTEM32\WINMM.dll
0x00007ffb09c40000 - 0x00007ffb09c4a000 	C:\Windows\SYSTEM32\VERSION.dll
0x00007ffb124c0000 - 0x00007ffb1252c000 	C:\Windows\System32\WS2_32.dll
0x00007ffb0c9c0000 - 0x00007ffb0c9ea000 	C:\Windows\SYSTEM32\winmmbase.dll
0x00007ffb10430000 - 0x00007ffb10479000 	C:\Windows\System32\cfgmgr32.dll
0x00007ffb0a220000 - 0x00007ffb0a22f000 	X:\Android Studio\jre\jre\bin\verify.dll
0x00007ffb09730000 - 0x00007ffb09759000 	X:\Android Studio\jre\jre\bin\java.dll
0x00007ffb09710000 - 0x00007ffb09726000 	X:\Android Studio\jre\jre\bin\zip.dll
0x00007ffb10fc0000 - 0x00007ffb12405000 	C:\Windows\System32\SHELL32.dll
0x00007ffb12410000 - 0x00007ffb124b9000 	C:\Windows\System32\shcore.dll
0x00007ffb0f890000 - 0x00007ffb0ffa0000 	C:\Windows\System32\windows.storage.dll
0x00007ffb12dd0000 - 0x00007ffb12e21000 	C:\Windows\System32\shlwapi.dll
0x00007ffb0f330000 - 0x00007ffb0f341000 	C:\Windows\System32\kernel.appcore.dll
0x00007ffb0f310000 - 0x00007ffb0f32f000 	C:\Windows\System32\profapi.dll
0x00007ffb0f350000 - 0x00007ffb0f39c000 	C:\Windows\System32\powrprof.dll
0x00007ffb0f300000 - 0x00007ffb0f30a000 	C:\Windows\System32\FLTLIB.DLL
0x00007ffb096f0000 - 0x00007ffb0970a000 	X:\Android Studio\jre\jre\bin\net.dll
0x00007ffaff370000 - 0x00007ffaff53a000 	C:\Windows\SYSTEM32\urlmon.dll
0x00007ffaff6f0000 - 0x00007ffaff997000 	C:\Windows\SYSTEM32\iertutil.dll
0x00007ffb0ecf0000 - 0x00007ffb0ecfb000 	C:\Windows\SYSTEM32\CRYPTBASE.DLL
0x00007ffb0eb20000 - 0x00007ffb0eb86000 	C:\Windows\system32\mswsock.dll
0x00007ffb096d0000 - 0x00007ffb096e3000 	X:\Android Studio\jre\jre\bin\nio.dll
0x00007ffb09650000 - 0x00007ffb09676000 	C:\Users\tHROWINGuP\.gradle\native\31\windows-amd64\native-platform.dll
0x00007ffb09fd0000 - 0x00007ffb09fdd000 	X:\Android Studio\jre\jre\bin\management.dll
0x00007ffb0ecd0000 - 0x00007ffb0ece7000 	C:\Windows\SYSTEM32\CRYPTSP.dll
0x00007ffb0e6d0000 - 0x00007ffb0e703000 	C:\Windows\system32\rsaenh.dll
0x00007ffb0ee00000 - 0x00007ffb0ee25000 	C:\Windows\SYSTEM32\bcrypt.dll
0x00007ffb0f230000 - 0x00007ffb0f258000 	C:\Windows\SYSTEM32\USERENV.dll
0x00007ffb0e870000 - 0x00007ffb0e8a8000 	C:\Windows\SYSTEM32\IPHLPAPI.DLL
0x00007ffb10bf0000 - 0x00007ffb10bf8000 	C:\Windows\System32\NSI.dll
0x00007ffb07e50000 - 0x00007ffb07e66000 	C:\Windows\SYSTEM32\dhcpcsvc6.DLL
0x00007ffb07e20000 - 0x00007ffb07e3a000 	C:\Windows\SYSTEM32\dhcpcsvc.DLL

VM Arguments:
jvm_args: -Xmx1536m -Dfile.encoding=GBK -Duser.country=CN -Duser.language=zh -Duser.variant 
java_command: org.gradle.launcher.daemon.bootstrap.GradleDaemon 6.1.1
java_class_path (initial): C:\Users\tHROWINGuP\.gradle\wrapper\dists\gradle-6.1.1-all\cfmwm155h49vnt3hynmlrsdst\gradle-6.1.1\lib\gradle-launcher-6.1.1.jar
Launcher Type: SUN_STANDARD

Environment Variables:
JAVA_HOME=C:\Program Files\Java\jdk1.8.0_201
CLASSPATH=.;C:\Program Files\Java\jdk1.8.0_201\lib
PATH=C:\Program Files (x86)\Common Files\Oracle\Java\javapath;C:\Program Files (x86)\Intel\Intel(R) Management Engine Components\iCLS\;C:\Program Files\Intel\Intel(R) Management Engine Components\iCLS\;C:\Windows\system32;C:\Windows;C:\Windows\System32\Wbem;C:\Windows\System32\WindowsPowerShell\v1.0\;C:\Windows\System32\OpenSSH\;C:\Program Files (x86)\Intel\Intel(R) Management Engine Components\DAL;C:\Program Files\Intel\Intel(R) Management Engine Components\DAL;C:\Program Files (x86)\Intel\Intel(R) Management Engine Components\IPT;C:\Program Files\Intel\Intel(R) Management Engine Components\IPT;C:\Program Files (x86)\NVIDIA Corporation\PhysX\Common;C:\Program Files (x86)\Microsoft SQL Server\100\Tools\Binn\;C:\Program Files\Microsoft SQL Server\100\Tools\Binn\;C:\Program Files\Microsoft SQL Server\100\DTS\Binn\;C:\Program Files\dotnet\;C:\Program Files\Java\jdk1.8.0_201\bin;X:\Git\cmd;X:\MatLab2016A\MatLab\runtime\win64;X:\MatLab2016A\MatLab\bin;X:\MatLab2016A\MatLab\polyspace\bin;C:\Program Files (x86)\GtkSharp\;X:\Program Files (x86)\Node;X:\Program Files (x86)\Matlab2019a\runtime\win64;X:\Program Files (x86)\Matlab2019a\bin;X:\Program Files (x86)\Matlab2019a\polyspace\bin;C:\Users\tHROWINGuP\AppData\Local\Microsoft\WindowsApps;;X:\Microsoft VS Code\bin;C:\Users\tHROWINGuP\AppData\Roaming\npm
USERNAME=tHROWINGuP
OS=Windows_NT
PROCESSOR_IDENTIFIER=Intel64 Family 6 Model 158 Stepping 10, GenuineIntel



---------------  S Y S T E M  ---------------

OS: Windows 10.0 , 64 bit Build 17134 (10.0.17134.753)

CPU:total 12 (initial active 12) (6 cores per cpu, 2 threads per core) family 6 model 158 stepping 10, cmov, cx8, fxsr, mmx, sse, sse2, sse3, ssse3, sse4.1, sse4.2, popcnt, avx, avx2, aes, clmul, erms, 3dnowpref, lzcnt, ht, tsc, tscinvbit, bmi1, bmi2, adx

Memory: 4k page, physical 8258868k(1665696k free), swap 10356020k(2156k free)

vm_info: OpenJDK 64-Bit Server VM (25.212-b04) for windows-amd64 JRE (1.8.0_212-release-1586-b04), built by "builder" with MS VC++ 10.0 (VS2010)

time: Tue Jun 23 21:58:07 2020
timezone: 中国标准时间
elapsed time: 26 seconds (0d 0h 0m 26s)

