#
# There is insufficient memory for the Java Runtime Environment to continue.
# Native memory allocation (malloc) failed to allocate 849856 bytes for Chunk::new
# Possible reasons:
#   The system is out of physical RAM or swap space
#   The process is running with CompressedOops enabled, and the Java Heap may be blocking the growth of the native heap
# Possible solutions:
#   Reduce memory load on the system
#   Increase physical memory or swap space
#   Check if swap backing store is full
#   Decrease Java heap size (-Xmx/-Xms)
#   Decrease number of Java threads
#   Decrease Java thread stack sizes (-Xss)
#   Set larger code cache with -XX:ReservedCodeCacheSize=
#   JVM is running with Unscaled Compressed Oops mode in which the Java heap is
#     placed in the first 4GB address space. The Java Heap base address is the
#     maximum limit for the native heap growth. Please use -XX:HeapBaseMinAddress
#     to set the Java Heap base and to place the Java Heap above 4GB virtual address.
# This output file may be truncated or incomplete.
#
#  Out of Memory Error (allocation.cpp:389), pid=4456, tid=0x0000000000003894
#
# JRE version: OpenJDK Runtime Environment (8.0_212-b04) (build 1.8.0_212-release-1586-b04)
# Java VM: OpenJDK 64-Bit Server VM (25.212-b04 mixed mode windows-amd64 compressed oops)
# Failed to write core dump. Minidumps are not enabled by default on client versions of Windows
#

---------------  T H R E A D  ---------------

Current thread (0x00000000187a6800):  JavaThread "C2 CompilerThread0" daemon [_thread_in_native, id=14484, stack(0x0000000019c90000,0x0000000019d90000)]

Stack: [0x0000000019c90000,0x0000000019d90000]
[error occurred during error reporting (printing stack bounds), id 0xc0000005]

Native frames: (J=compiled Java code, j=interpreted, Vv=VM code, C=native code)


Current CompileTask:
C2:  10207 6190       4       org.gradle.internal.reflect.ClassInspector::inspectClass (144 bytes)


---------------  P R O C E S S  ---------------

Java Threads: ( => current thread )
  0x000000001e4b6800 JavaThread "Cache worker for file content cache (D:\MyAndroidProject\PiliPili-Android\.gradle\6.1.1\fileContent)" [_thread_blocked, id=3724, stack(0x0000000026980000,0x0000000026a80000)]
  0x000000001e4af800 JavaThread "Cache worker for file content cache (C:\Users\tHROWINGuP\.gradle\caches\6.1.1\fileContent)" [_thread_blocked, id=3564, stack(0x0000000026880000,0x0000000026980000)]
  0x000000001e4b1000 JavaThread "Memory manager" [_thread_blocked, id=3968, stack(0x0000000026780000,0x0000000026880000)]
  0x000000001c9a4800 JavaThread "Cache worker for Build Output Cleanup Cache (D:\MyAndroidProject\PiliPili-Android\.gradle\buildOutputCleanup)" [_thread_blocked, id=6828, stack(0x00000000257b0000,0x00000000258b0000)]
  0x000000001c9a0000 JavaThread "Build operations Thread 12" [_thread_blocked, id=13076, stack(0x00000000240e0000,0x00000000241e0000)]
  0x000000001c99f800 JavaThread "Build operations Thread 11" [_thread_blocked, id=13704, stack(0x0000000023fe0000,0x00000000240e0000)]
  0x000000001c9a1800 JavaThread "Build operations Thread 10" [_thread_blocked, id=11900, stack(0x0000000023ee0000,0x0000000023fe0000)]
  0x000000001c9a3000 JavaThread "Build operations Thread 9" [_thread_blocked, id=11636, stack(0x0000000023de0000,0x0000000023ee0000)]
  0x000000001c9a5800 JavaThread "Build operations Thread 8" [_thread_blocked, id=6860, stack(0x0000000023ce0000,0x0000000023de0000)]
  0x000000001c9a4000 JavaThread "Build operations Thread 7" [_thread_blocked, id=7372, stack(0x0000000023be0000,0x0000000023ce0000)]
  0x000000001c997000 JavaThread "Build operations Thread 6" [_thread_blocked, id=13524, stack(0x0000000023ae0000,0x0000000023be0000)]
  0x000000001c99e000 JavaThread "Build operations Thread 5" [_thread_blocked, id=10748, stack(0x00000000227b0000,0x00000000228b0000)]
  0x000000001c999800 JavaThread "Build operations Thread 4" [_thread_blocked, id=10516, stack(0x00000000226b0000,0x00000000227b0000)]
  0x000000001c996800 JavaThread "Build operations Thread 3" [_thread_blocked, id=9728, stack(0x00000000225b0000,0x00000000226b0000)]
  0x000000001c99c800 JavaThread "Build operations Thread 2" [_thread_blocked, id=11928, stack(0x00000000224b0000,0x00000000225b0000)]
  0x000000001c998800 JavaThread "Build operations" [_thread_blocked, id=12552, stack(0x00000000223b0000,0x00000000224b0000)]
  0x000000001bf93000 JavaThread "Cache worker for execution history cache (C:\Users\tHROWINGuP\.gradle\caches\6.1.1\executionHistory)" [_thread_blocked, id=12796, stack(0x00000000218b0000,0x00000000219b0000)]
  0x000000001bf96000 JavaThread "Cache worker for cache directory md-rule (C:\Users\tHROWINGuP\.gradle\caches\6.1.1\md-rule)" [_thread_blocked, id=14204, stack(0x00000000217b0000,0x00000000218b0000)]
  0x000000001bf97000 JavaThread "Cache worker for cache directory md-supplier (C:\Users\tHROWINGuP\.gradle\caches\6.1.1\md-supplier)" [_thread_blocked, id=3044, stack(0x00000000216b0000,0x00000000217b0000)]
  0x000000001bf94800 JavaThread "Cache worker for file hash cache (D:\MyAndroidProject\PiliPili-Android\.gradle\6.1.1\fileHashes)" [_thread_blocked, id=1408, stack(0x0000000020180000,0x0000000020280000)]
  0x000000001bf94000 JavaThread "Cache worker for checksums cache (D:\MyAndroidProject\PiliPili-Android\.gradle\checksums)" [_thread_blocked, id=12044, stack(0x0000000020080000,0x0000000020180000)]
  0x000000001bf95800 JavaThread "Cache worker for file hash cache (C:\Users\tHROWINGuP\.gradle\caches\6.1.1\fileHashes)" [_thread_blocked, id=6348, stack(0x000000001dde0000,0x000000001dee0000)]
  0x000000001bf92800 JavaThread "File lock request listener" [_thread_in_native, id=10996, stack(0x000000001dce0000,0x000000001dde0000)]
  0x000000001bf91800 JavaThread "Cache worker for journal cache (C:\Users\tHROWINGuP\.gradle\caches\journal-1)" [_thread_blocked, id=1772, stack(0x000000001dbe0000,0x000000001dce0000)]
  0x000000001bf5f000 JavaThread "Thread-9" [_thread_blocked, id=5840, stack(0x000000001d8e0000,0x000000001d9e0000)]
  0x000000001bf59800 JavaThread "Stdin handler" [_thread_blocked, id=7840, stack(0x000000001d7e0000,0x000000001d8e0000)]
  0x000000001bf58800 JavaThread "Asynchronous log dispatcher for DefaultDaemonConnection: socket connection from /127.0.0.1:53456 to /127.0.0.1:53457" [_thread_blocked, id=14388, stack(0x000000001d6e0000,0x000000001d7e0000)]
  0x000000001bf50800 JavaThread "Daemon worker" [_thread_in_Java, id=9636, stack(0x000000001d5e0000,0x000000001d6e0000)]
  0x000000001bf4b000 JavaThread "Cancel handler" [_thread_blocked, id=8904, stack(0x000000001d4e0000,0x000000001d5e0000)]
  0x000000001bf25800 JavaThread "Handler for socket connection from /127.0.0.1:53456 to /127.0.0.1:53457" [_thread_in_native, id=7048, stack(0x000000001d0e0000,0x000000001d1e0000)]
  0x000000001bf25000 JavaThread "Daemon" [_thread_blocked, id=6212, stack(0x000000001cfe0000,0x000000001d0e0000)]
  0x000000001bf07000 JavaThread "Daemon periodic checks" [_thread_blocked, id=7212, stack(0x000000001cee0000,0x000000001cfe0000)]
  0x000000001befa000 JavaThread "Incoming local TCP Connector on port 53456" [_thread_in_native, id=1604, stack(0x000000001cd30000,0x000000001ce30000)]
  0x000000001ba6f800 JavaThread "Daemon health stats" [_thread_blocked, id=4680, stack(0x000000001ca30000,0x000000001cb30000)]
  0x00000000187b5800 JavaThread "Service Thread" daemon [_thread_blocked, id=428, stack(0x000000001a090000,0x000000001a190000)]
  0x00000000187b2000 JavaThread "C1 CompilerThread3" daemon [_thread_in_vm, id=4348, stack(0x0000000019f90000,0x000000001a090000)]
  0x00000000187b1800 JavaThread "C2 CompilerThread2" daemon [_thread_in_native, id=9648, stack(0x0000000019e90000,0x0000000019f90000)]
  0x00000000187ac800 JavaThread "C2 CompilerThread1" daemon [_thread_in_native, id=9320, stack(0x0000000019d90000,0x0000000019e90000)]
=>0x00000000187a6800 JavaThread "C2 CompilerThread0" daemon [_thread_in_native, id=14484, stack(0x0000000019c90000,0x0000000019d90000)]
  0x00000000187a2800 JavaThread "Attach Listener" daemon [_thread_blocked, id=9744, stack(0x0000000019b90000,0x0000000019c90000)]
  0x000000001874b800 JavaThread "Signal Dispatcher" daemon [_thread_blocked, id=4320, stack(0x0000000019a90000,0x0000000019b90000)]
  0x00000000030ab000 JavaThread "Finalizer" daemon [_thread_blocked, id=6280, stack(0x0000000019990000,0x0000000019a90000)]
  0x0000000018733000 JavaThread "Reference Handler" daemon [_thread_blocked, id=8608, stack(0x0000000019890000,0x0000000019990000)]
  0x0000000002fb2800 JavaThread "main" [_thread_blocked, id=3980, stack(0x0000000002e20000,0x0000000002f20000)]

Other Threads:
  0x0000000017064800 VMThread [stack: 0x0000000019790000,0x0000000019890000] [id=13548]
  0x00000000187b7800 WatcherThread [stack: 0x000000001a190000,0x000000001a290000] [id=11784]

VM state:not at safepoint (normal execution)

VM Mutex/Monitor currently owned by a thread: None

heap address: 0x00000000a0000000, size: 1536 MB, Compressed Oops mode: 32-bit
Narrow klass base: 0x0000000000000000, Narrow klass shift: 3
Compressed class space size: 1073741824 Address: 0x0000000100000000

Heap:
 PSYoungGen      total 123392K, used 52425K [0x00000000e0000000, 0x00000000ea500000, 0x0000000100000000)
  eden space 109056K, 48% used [0x00000000e0000000,0x00000000e33324b0,0x00000000e6a80000)
  from space 14336K, 0% used [0x00000000e6a80000,0x00000000e6a80000,0x00000000e7880000)
  to   space 13824K, 0% used [0x00000000e9780000,0x00000000e9780000,0x00000000ea500000)
 ParOldGen       total 138752K, used 30341K [0x00000000a0000000, 0x00000000a8780000, 0x00000000e0000000)
  object space 138752K, 21% used [0x00000000a0000000,0x00000000a1da14f0,0x00000000a8780000)
 Metaspace       used 58489K, capacity 60810K, committed 60952K, reserved 1101824K
  class space    used 8053K, capacity 8620K, committed 8736K, reserved 1048576K

Card table byte_map: [0x0000000012470000,0x0000000012780000] byte_map_base: 0x0000000011f70000

Marking Bits: (ParMarkBitMap*) 0x0000000074b49f30
 Begin Bits: [0x0000000013380000, 0x0000000014b80000)
 End Bits:   [0x0000000014b80000, 0x0000000016380000)

Polling page: 0x00000000007e0000

CodeCache: size=245760Kb used=18320Kb max_used=18320Kb free=227439Kb
 bounds [0x00000000030b0000, 0x00000000042b0000, 0x00000000120b0000]
 total_blobs=6443 nmethods=5646 adapters=709
 compilation: enabled

Compilation events (10 events):
Event: 10.171 Thread 0x00000000187b2000 nmethod 6251 0x000000000427ab90 code [0x000000000427ace0, 0x000000000427ae30]
Event: 10.172 Thread 0x00000000187b2000 6252       3       org.gradle.api.internal.tasks.properties.annotations.AbstractInputFilePropertyAnnotationHandler::shouldVisit (15 bytes)
Event: 10.173 Thread 0x00000000187b2000 nmethod 6252 0x000000000427a6d0 code [0x000000000427a840, 0x000000000427aaa8]
Event: 10.173 Thread 0x00000000187b2000 6253       1       org.gradle.api.internal.AbstractTask::getState (5 bytes)
Event: 10.173 Thread 0x00000000187b2000 nmethod 6253 0x000000000427a410 code [0x000000000427a560, 0x000000000427a670]
Event: 10.174 Thread 0x00000000187b2000 6254       3       kotlin.jvm.internal.PropertyReference1::invoke (6 bytes)
Event: 10.174 Thread 0x00000000187b2000 nmethod 6254 0x000000000427a010 code [0x000000000427a180, 0x000000000427a388]
Event: 10.199 Thread 0x00000000187b2000 6255       3       org.gradle.api.internal.provider.Providers$FixedValueProvider::get (5 bytes)
Event: 10.200 Thread 0x00000000187b2000 nmethod 6255 0x0000000004279cd0 code [0x0000000004279e20, 0x0000000004279f70]
Event: 10.200 Thread 0x00000000187b2000 6256       3       org.gradle.api.internal.tasks.DefaultTaskDependency::visitDependencies (678 bytes)

GC Heap History (10 events):
Event: 7.200 GC heap before
{Heap before GC invocations=14 (full 2):
 PSYoungGen      total 77312K, used 66048K [0x00000000e0000000, 0x00000000e6e80000, 0x0000000100000000)
  eden space 66048K, 100% used [0x00000000e0000000,0x00000000e4080000,0x00000000e4080000)
  from space 11264K, 0% used [0x00000000e4080000,0x00000000e4080000,0x00000000e4b80000)
  to   space 11264K, 0% used [0x00000000e6380000,0x00000000e6380000,0x00000000e6e80000)
 ParOldGen       total 92672K, used 15061K [0x00000000a0000000, 0x00000000a5a80000, 0x00000000e0000000)
  object space 92672K, 16% used [0x00000000a0000000,0x00000000a0eb55d8,0x00000000a5a80000)
 Metaspace       used 39656K, capacity 41200K, committed 41512K, reserved 1085440K
  class space    used 5431K, capacity 5824K, committed 5936K, reserved 1048576K
Event: 7.207 GC heap after
Heap after GC invocations=14 (full 2):
 PSYoungGen      total 93696K, used 7860K [0x00000000e0000000, 0x00000000e6b80000, 0x0000000100000000)
  eden space 85504K, 0% used [0x00000000e0000000,0x00000000e0000000,0x00000000e5380000)
  from space 8192K, 95% used [0x00000000e6380000,0x00000000e6b2d068,0x00000000e6b80000)
  to   space 11264K, 0% used [0x00000000e5580000,0x00000000e5580000,0x00000000e6080000)
 ParOldGen       total 92672K, used 15069K [0x00000000a0000000, 0x00000000a5a80000, 0x00000000e0000000)
  object space 92672K, 16% used [0x00000000a0000000,0x00000000a0eb75d8,0x00000000a5a80000)
 Metaspace       used 39656K, capacity 41200K, committed 41512K, reserved 1085440K
  class space    used 5431K, capacity 5824K, committed 5936K, reserved 1048576K
}
Event: 8.352 GC heap before
{Heap before GC invocations=15 (full 2):
 PSYoungGen      total 93696K, used 93364K [0x00000000e0000000, 0x00000000e6b80000, 0x0000000100000000)
  eden space 85504K, 100% used [0x00000000e0000000,0x00000000e5380000,0x00000000e5380000)
  from space 8192K, 95% used [0x00000000e6380000,0x00000000e6b2d068,0x00000000e6b80000)
  to   space 11264K, 0% used [0x00000000e5580000,0x00000000e5580000,0x00000000e6080000)
 ParOldGen       total 92672K, used 15069K [0x00000000a0000000, 0x00000000a5a80000, 0x00000000e0000000)
  object space 92672K, 16% used [0x00000000a0000000,0x00000000a0eb75d8,0x00000000a5a80000)
 Metaspace       used 47923K, capacity 49602K, committed 49832K, reserved 1091584K
  class space    used 6406K, capacity 6829K, committed 6832K, reserved 1048576K
Event: 8.363 GC heap after
Heap after GC invocations=15 (full 2):
 PSYoungGen      total 98816K, used 11259K [0x00000000e0000000, 0x00000000e8600000, 0x0000000100000000)
  eden space 87552K, 0% used [0x00000000e0000000,0x00000000e0000000,0x00000000e5580000)
  from space 11264K, 99% used [0x00000000e5580000,0x00000000e607eff8,0x00000000e6080000)
  to   space 13824K, 0% used [0x00000000e7880000,0x00000000e7880000,0x00000000e8600000)
 ParOldGen       total 92672K, used 19107K [0x00000000a0000000, 0x00000000a5a80000, 0x00000000e0000000)
  object space 92672K, 20% used [0x00000000a0000000,0x00000000a12a8c50,0x00000000a5a80000)
 Metaspace       used 47923K, capacity 49602K, committed 49832K, reserved 1091584K
  class space    used 6406K, capacity 6829K, committed 6832K, reserved 1048576K
}
Event: 9.209 GC heap before
{Heap before GC invocations=16 (full 2):
 PSYoungGen      total 98816K, used 98811K [0x00000000e0000000, 0x00000000e8600000, 0x0000000100000000)
  eden space 87552K, 100% used [0x00000000e0000000,0x00000000e5580000,0x00000000e5580000)
  from space 11264K, 99% used [0x00000000e5580000,0x00000000e607eff8,0x00000000e6080000)
  to   space 13824K, 0% used [0x00000000e7880000,0x00000000e7880000,0x00000000e8600000)
 ParOldGen       total 92672K, used 19107K [0x00000000a0000000, 0x00000000a5a80000, 0x00000000e0000000)
  object space 92672K, 20% used [0x00000000a0000000,0x00000000a12a8c50,0x00000000a5a80000)
 Metaspace       used 54662K, capacity 56910K, committed 57000K, reserved 1097728K
  class space    used 7500K, capacity 8028K, committed 8112K, reserved 1048576K
Event: 9.222 GC heap after
Heap after GC invocations=16 (full 2):
 PSYoungGen      total 122880K, used 10231K [0x00000000e0000000, 0x00000000e8980000, 0x0000000100000000)
  eden space 109056K, 0% used [0x00000000e0000000,0x00000000e0000000,0x00000000e6a80000)
  from space 13824K, 74% used [0x00000000e7880000,0x00000000e827dfd0,0x00000000e8600000)
  to   space 14336K, 0% used [0x00000000e6a80000,0x00000000e6a80000,0x00000000e7880000)
 ParOldGen       total 92672K, used 28719K [0x00000000a0000000, 0x00000000a5a80000, 0x00000000e0000000)
  object space 92672K, 30% used [0x00000000a0000000,0x00000000a1c0bc38,0x00000000a5a80000)
 Metaspace       used 54662K, capacity 56910K, committed 57000K, reserved 1097728K
  class space    used 7500K, capacity 8028K, committed 8112K, reserved 1048576K
}
Event: 9.571 