#
# There is insufficient memory for the Java Runtime Environment to continue.
# Native memory allocation (malloc) failed to allocate 2385936 bytes for Chunk::new
# Possible reasons:
#   The system is out of physical RAM or swap space
#   The process is running with CompressedOops enabled, and the Java Heap may be blocking the growth of the native heap
# Possible solutions:
#   Reduce memory load on the system
#   Increase physical memory or swap space
#   Check if swap backing store is full
#   Decrease Java heap size (-Xmx/-Xms)
#   Decrease number of Java threads
#   Decrease Java thread stack sizes (-Xss)
#   Set larger code cache with -XX:ReservedCodeCacheSize=
#   JVM is running with Unscaled Compressed Oops mode in which the Java heap is
#     placed in the first 4GB address space. The Java Heap base address is the
#     maximum limit for the native heap growth. Please use -XX:HeapBaseMinAddress
#     to set the Java Heap base and to place the Java Heap above 4GB virtual address.
# This output file may be truncated or incomplete.
#
#  Out of Memory Error (allocation.cpp:389), pid=892, tid=0x00000000000015cc
#
# JRE version: OpenJDK Runtime Environment (8.0_212-b04) (build 1.8.0_212-release-1586-b04)
# Java VM: OpenJDK 64-Bit Server VM (25.212-b04 mixed mode windows-amd64 compressed oops)
# Failed to write core dump. Minidumps are not enabled by default on client versions of Windows
#

---------------  T H R E A D  ---------------

Current thread (0x0000000018b33000):  JavaThread "C2 CompilerThread0" daemon [_thread_in_native, id=5580, stack(0x000000001a080000,0x000000001a180000)]

Stack: [0x000000001a080000,0x000000001a180000]
[error occurred during error reporting (printing stack bounds), id 0xc0000005]

Native frames: (J=compiled Java code, j=interpreted, Vv=VM code, C=native code)


Current CompileTask:
C2:  44654 15368 %     4       com.android.tools.r8.dex.j::a @ 330 (1022 bytes)


---------------  P R O C E S S  ---------------

Java Threads: ( => current thread )
  0x0000000028d00000 JavaThread "ForkJoinPool.commonPool-worker-15" daemon [_thread_blocked, id=8828, stack(0x000000002fcb0000,0x000000002fdb0000)]
  0x0000000028cff800 JavaThread "ForkJoinPool.commonPool-worker-6" daemon [_thread_blocked, id=9896, stack(0x000000002fbb0000,0x000000002fcb0000)]
  0x000000001cc9f800 JavaThread "ForkJoinPool.commonPool-worker-13" daemon [_thread_in_Java, id=2444, stack(0x000000002fab0000,0x000000002fbb0000)]
  0x000000001cc9f000 JavaThread "ForkJoinPool.commonPool-worker-4" daemon [_thread_blocked, id=14928, stack(0x000000002f9b0000,0x000000002fab0000)]
  0x000000001cc9e000 JavaThread "ForkJoinPool.commonPool-worker-11" daemon [_thread_blocked, id=616, stack(0x000000002f8b0000,0x000000002f9b0000)]
  0x000000001cc9c800 JavaThread "ForkJoinPool.commonPool-worker-2" daemon [_thread_blocked, id=10204, stack(0x000000002f7b0000,0x000000002f8b0000)]
  0x000000001cc9c000 JavaThread "ForkJoinPool.commonPool-worker-9" daemon [_thread_blocked, id=16840, stack(0x000000002f6b0000,0x000000002f7b0000)]
  0x000000001cc94000 JavaThread "WorkerExecutor Queue Thread 14" [_thread_blocked, id=16784, stack(0x000000002f5b0000,0x000000002f6b0000)]
  0x000000001cc9d800 JavaThread "WorkerExecutor Queue Thread 10" [_thread_blocked, id=2964, stack(0x000000002d7b0000,0x000000002d8b0000)]
  0x000000001cca0800 JavaThread "WorkerExecutor Queue Thread 8" [_thread_blocked, id=11416, stack(0x000000002d5b0000,0x000000002d6b0000)]
  0x000000001cc99800 JavaThread "WorkerExecutor Queue Thread 6" [_thread_blocked, id=6068, stack(0x000000002d3b0000,0x000000002d4b0000)]
  0x000000001cc98000 JavaThread "WorkerExecutor Queue Thread 5" [_thread_blocked, id=16144, stack(0x000000002d2b0000,0x000000002d3b0000)]
  0x000000001cc9b000 JavaThread "WorkerExecutor Queue Thread 4" [_thread_blocked, id=4288, stack(0x000000002d1b0000,0x000000002d2b0000)]
  0x000000001cc9a800 JavaThread "WorkerExecutor Queue Thread 3" [_thread_blocked, id=15596, stack(0x000000002d0b0000,0x000000002d1b0000)]
  0x000000001cc95800 JavaThread "WorkerExecutor Queue Thread 2" [_thread_blocked, id=15436, stack(0x0000000028870000,0x0000000028970000)]
  0x000000001cc91000 JavaThread "WorkerExecutor Queue" [_thread_blocked, id=4284, stack(0x0000000028570000,0x0000000028670000)]
  0x000000001cc95000 JavaThread "Cache worker for execution history cache (D:\MyAndroidProject\PiliPili-Android\.gradle\6.1.1\executionHistory)" [_thread_blocked, id=8028, stack(0x0000000027e70000,0x0000000027f70000)]
  0x0000000020387800 JavaThread "Execution worker for ':' Thread 11" [_thread_blocked, id=11704, stack(0x0000000027b70000,0x0000000027c70000)]
  0x000000002038d800 JavaThread "Execution worker for ':' Thread 10" [_thread_blocked, id=4048, stack(0x0000000027a70000,0x0000000027b70000)]
  0x000000002038d000 JavaThread "Execution worker for ':' Thread 9" [_thread_blocked, id=18076, stack(0x0000000027970000,0x0000000027a70000)]
  0x0000000020386800 JavaThread "Execution worker for ':' Thread 8" [_thread_blocked, id=17532, stack(0x0000000027870000,0x0000000027970000)]
  0x000000002038a800 JavaThread "Execution worker for ':' Thread 7" [_thread_blocked, id=612, stack(0x0000000027770000,0x0000000027870000)]
  0x000000002038b800 JavaThread "Execution worker for ':' Thread 6" [_thread_blocked, id=17992, stack(0x0000000027670000,0x0000000027770000)]
  0x000000002038c000 JavaThread "Execution worker for ':' Thread 5" [_thread_blocked, id=2388, stack(0x0000000027570000,0x0000000027670000)]
  0x000000002037f000 JavaThread "Execution worker for ':' Thread 4" [_thread_blocked, id=8524, stack(0x0000000027470000,0x0000000027570000)]
  0x0000000020381800 JavaThread "Execution worker for ':' Thread 3" [_thread_blocked, id=4388, stack(0x0000000027370000,0x0000000027470000)]
  0x0000000020380000 JavaThread "Execution worker for ':' Thread 2" [_thread_blocked, id=13348, stack(0x0000000027270000,0x0000000027370000)]
  0x0000000020386000 JavaThread "Execution worker for ':'" [_thread_blocked, id=18300, stack(0x0000000027170000,0x0000000027270000)]
  0x0000000020382000 JavaThread "Cache worker for file content cache (D:\MyAndroidProject\PiliPili-Android\.gradle\6.1.1\fileContent)" [_thread_blocked, id=11912, stack(0x0000000025c40000,0x0000000025d40000)]
  0x0000000020383000 JavaThread "Cache worker for file content cache (C:\Users\tHROWINGuP\.gradle\caches\6.1.1\fileContent)" [_thread_blocked, id=17812, stack(0x0000000025b40000,0x0000000025c40000)]
  0x0000000020385000 JavaThread "Memory manager" [_thread_blocked, id=16128, stack(0x0000000025550000,0x0000000025650000)]
  0x000000001ca59000 JavaThread "Cache worker for Build Output Cleanup Cache (D:\MyAndroidProject\PiliPili-Android\.gradle\buildOutputCleanup)" [_thread_blocked, id=16960, stack(0x0000000024e50000,0x0000000024f50000)]
  0x000000001ca51000 JavaThread "Build operations Thread 12" [_thread_blocked, id=8668, stack(0x0000000024950000,0x0000000024a50000)]
  0x000000001ca58000 JavaThread "Build operations Thread 11" [_thread_blocked, id=8324, stack(0x0000000024850000,0x0000000024950000)]
  0x000000001ca52000 JavaThread "Build operations Thread 10" [_thread_blocked, id=5244, stack(0x0000000024750000,0x0000000024850000)]
  0x000000001ca50800 JavaThread "Build operations Thread 9" [_thread_blocked, id=18164, stack(0x0000000024650000,0x0000000024750000)]
  0x000000001ca57800 JavaThread "Build operations Thread 8" [_thread_blocked, id=10400, stack(0x0000000024550000,0x0000000024650000)]
  0x000000001ca56800 JavaThread "Build operations Thread 7" [_thread_blocked, id=11856, stack(0x0000000024450000,0x0000000024550000)]
  0x000000001ca56000 JavaThread "Build operations Thread 6" [_thread_blocked, id=8268, stack(0x0000000024350000,0x0000000024450000)]
  0x000000001ca4f800 JavaThread "Build operations Thread 5" [_thread_blocked, id=4044, stack(0x0000000024250000,0x0000000024350000)]
  0x000000001ca52800 JavaThread "Build operations Thread 4" [_thread_blocked, id=17872, stack(0x0000000024150000,0x0000000024250000)]
  0x000000001ca4f000 JavaThread "Build operations Thread 3" [_thread_blocked, id=18416, stack(0x0000000024050000,0x0000000024150000)]
  0x000000001ca55000 JavaThread "Build operations Thread 2" [_thread_blocked, id=13924, stack(0x0000000023f50000,0x0000000024050000)]
  0x000000001ca54000 JavaThread "Build operations" [_thread_blocked, id=1396, stack(0x0000000023e50000,0x0000000023f50000)]
  0x000000001ca4a800 JavaThread "Cache worker for cache directory md-rule (C:\Users\tHROWINGuP\.gradle\caches\6.1.1\md-rule)" [_thread_blocked, id=13700, stack(0x0000000023750000,0x0000000023850000)]
  0x000000001ca49800 JavaThread "Cache worker for cache directory md-supplier (C:\Users\tHROWINGuP\.gradle\caches\6.1.1\md-supplier)" [_thread_blocked, id=7028, stack(0x0000000023650000,0x0000000023750000)]
  0x000000001c3e3800 JavaThread "Cache worker for file hash cache (D:\MyAndroidProject\PiliPili-Android\.gradle\6.1.1\fileHashes)" [_thread_blocked, id=7636, stack(0x0000000023550000,0x0000000023650000)]
  0x000000001c3e3000 JavaThread "Cache worker for checksums cache (D:\MyAndroidProject\PiliPili-Android\.gradle\checksums)" [_thread_blocked, id=2000, stack(0x0000000023450000,0x0000000023550000)]
  0x000000001c3e9800 JavaThread "Thread-21" [_thread_blocked, id=17616, stack(0x0000000023350000,0x0000000023450000)]
  0x000000001c3e7800 JavaThread "Stdin handler" [_thread_blocked, id=11096, stack(0x0000000023250000,0x0000000023350000)]
  0x000000001c3e4800 JavaThread "Asynchronous log dispatcher for DefaultDaemonConnection: socket connection from /127.0.0.1:59665 to /127.0.0.1:59832" [_thread_blocked, id=9880, stack(0x0000000023150000,0x0000000023250000)]
  0x000000001c3e6000 JavaThread "Cancel handler" [_thread_blocked, id=16816, stack(0x0000000023050000,0x0000000023150000)]
  0x000000001c3e8000 JavaThread "Handler for socket connection from /127.0.0.1:59665 to /127.0.0.1:59832" [_thread_in_native, id=3992, stack(0x0000000022d50000,0x0000000022e50000)]
  0x000000001c3e6800 JavaThread "Cache worker for execution history cache (C:\Users\tHROWINGuP\.gradle\caches\6.1.1\executionHistory)" [_thread_blocked, id=17172, stack(0x0000000022110000,0x0000000022210000)]
  0x000000001c3e5000 JavaThread "Cache worker for file hash cache (C:\Users\tHROWINGuP\.gradle\caches\6.1.1\fileHashes)" [_thread_blocked, id=16568, stack(0x000000001e1d0000,0x000000001e2d0000)]
  0x000000001c3e9000 JavaThread "File lock request listener" [_thread_in_native, id=16628, stack(0x000000001e0d0000,0x000000001e1d0000)]
  0x000000001bb9d800 JavaThread "Cache worker for journal cache (C:\Users\tHROWINGuP\.gradle\caches\journal-1)" [_thread_blocked, id=17816, stack(0x000000001dfd0000,0x000000001e0d0000)]
  0x000000001c395000 JavaThread "Daemon worker" [_thread_blocked, id=11172, stack(0x000000001d9d0000,0x000000001dad0000)]
  0x000000001c384800 JavaThread "Daemon" [_thread_blocked, id=3052, stack(0x000000001d3d0000,0x000000001d4d0000)]
  0x000000001c36f800 JavaThread "Daemon periodic checks" [_thread_blocked, id=5848, stack(0x000000001d2d0000,0x000000001d3d0000)]
  0x000000001c339800 JavaThread "Incoming local TCP Connector on port 59665" [_thread_in_native, id=2244, stack(0x000000001d120000,0x000000001d220000)]
  0x000000001a84d000 JavaThread "Daemon health stats" [_thread_blocked, id=15328, stack(0x000000001ce20000,0x000000001cf20000)]
  0x0000000018bc8800 JavaThread "Service Thread" daemon [_thread_blocked, id=10360, stack(0x000000001a480000,0x000000001a580000)]
  0x0000000018b3e800 JavaThread "C1 CompilerThread3" daemon [_thread_blocked, id=11440, stack(0x000000001a380000,0x000000001a480000)]
  0x0000000018b3e000 JavaThread "C2 CompilerThread2" daemon [_thread_in_native, id=12604, stack(0x000000001a280000,0x000000001a380000)]
  0x0000000018b39000 JavaThread "C2 CompilerThread1" daemon [_thread_in_native, id=12676, stack(0x000000001a180000,0x000000001a280000)]
=>0x0000000018b33000 JavaThread "C2 CompilerThread0" daemon [_thread_in_native, id=5580, stack(0x000000001a080000,0x000000001a180000)]
  0x0000000018b32800 JavaThread "Attach Listener" daemon [_thread_blocked, id=14684, stack(0x0000000019f80000,0x000000001a080000)]
  0x0000000018adc000 JavaThread "Signal Dispatcher" daemon [_thread_blocked, id=17908, stack(0x0000000019e80000,0x0000000019f80000)]
  0x00000000173f1800 JavaThread "Finalizer" daemon [_thread_blocked, id=18216, stack(0x0000000019d20000,0x0000000019e20000)]
  0x0000000018ac3000 JavaThread "Reference Handler" daemon [_thread_blocked, id=14688, stack(0x0000000019c20000,0x0000000019d20000)]
  0x00000000031be800 JavaThread "main" [_thread_blocked, id=16976, stack(0x0000000003230000,0x0000000003330000)]

Other Threads:
  0x00000000173e4800 VMThread [stack: 0x0000000019b20000,0x0000000019c20000] [id=1900]
  0x0000000018b45800 WatcherThread [stack: 0x000000001a580000,0x000000001a680000] [id=12464]

VM state:not at safepoint (normal execution)

VM Mutex/Monitor currently owned by a thread: None

OutOfMemory and StackOverflow Exception counts:
OutOfMemoryError java_heap_errors=3

heap address: 0x00000000a0000000, size: 1536 MB, Compressed Oops mode: 32-bit
Narrow klass base: 0x0000000000000000, Narrow klass shift: 3
Compressed class space size: 1073741824 Address: 0x0000000100000000

Heap:
 PSYoungGen      total 187904K, used 155613K [0x00000000e0000000, 0x00000000ee780000, 0x0000000100000000)
  eden space 144896K, 77% used [0x00000000e0000000,0x00000000e6dff050,0x00000000e8d80000)
  from space 43008K, 99% used [0x00000000e8d80000,0x00000000eb778590,0x00000000eb780000)
  to   space 41984K, 0% used [0x00000000ebe80000,0x00000000ebe80000,0x00000000ee780000)
 ParOldGen       total 363520K, used 193678K [0x00000000a0000000, 0x00000000b6300000, 0x00000000e0000000)
  object space 363520K, 53% used [0x00000000a0000000,0x00000000abd23bb8,0x00000000b6300000)
 Metaspace       used 80108K, capacity 84448K, committed 87836K, reserved 1132544K
  class space    used 10856K, capacity 11717K, committed 12848K, reserved 1048576K

Card table byte_map: [0x00000000127f0000,0x0000000012b00000] byte_map_base: 0x00000000122f0000

Marking Bits: (ParMarkBitMap*) 0x0000000075e79f30
 Begin Bits: [0x0000000013700000, 0x0000000014f00000)
 End Bits:   [0x0000000014f00000, 0x0000000016700000)

Polling page: 0x0000000000f80000

CodeCache: size=245760Kb used=40209Kb max_used=40478Kb free=205550Kb
 bounds [0x0000000003430000, 0x0000000005be0000, 0x0000000012430000]
 total_blobs=13178 nmethods=12317 adapters=768
 compilation: enabled

Compilation events (10 events):
Event: 44.533 Thread 0x0000000018b3e000 nmethod 12696 0x0000000004cd0f50 code [0x0000000004cd10a0, 0x0000000004cd1168]
Event: 44.533 Thread 0x0000000018b3e000 12780       4       com.android.tools.r8.u.b.m::hasNext (10 bytes)
Event: 44.534 Thread 0x0000000018b3e000 nmethod 12780 0x0000000004cd0c50 code [0x0000000004cd0da0, 0x0000000004cd0e58]
Event: 44.534 Thread 0x0000000018b3e000 11920       4       com.android.tools.r8.u.b.l::g (27 bytes)
Event: 44.534 Thread 0x0000000018b3e000 nmethod 11920 0x00000000049ed910 code [0x00000000049eda40, 0x00000000049eda98]
Event: 44.534 Thread 0x0000000018b3e000 12812       4       com.android.tools.r8.u.b.m::next (13 bytes)
Event: 44.535 Thread 0x0000000018b3e000 nmethod 12812 0x0000000004cd07d0 code [0x0000000004cd0920, 0x0000000004cd0a98]
Event: 44.535 Thread 0x0000000018b3e000 12663       4       com.android.tools.r8.graph.S::h0 (25 bytes)
Event: 44.535 Thread 0x0000000018b3e000 nmethod 12663 0x0000000004ab9090 code [0x0000000004ab91c0, 0x0000000004ab9218]
Event: 44.535 Thread 0x0000000018b3e000 13404       4       java.nio.Bits::putShortL (21 bytes)

GC Heap History (10 events):
Event: 42.061 GC heap before
{Heap before GC invocations=66 (full 7):
 PSYoungGen      total 178176K, used 163791K [0x00000000e0000000, 0x00000000ed900000, 0x0000000100000000)
  eden space 137216K, 100% used [0x00000000e0000000,0x00000000e8600000,0x00000000e8600000)
  from space 40960K, 64% used [0x00000000eb100000,0x00000000ecaf3cd8,0x00000000ed900000)
  to   space 42496K, 0% used [0x00000000e8600000,0x00000000e8600000,0x00000000eaf80000)
 ParOldGen       total 363520K, used 123925K [0x00000000a0000000, 0x00000000b6300000, 0x00000000e0000000)
  object space 363520K, 34% used [0x00000000a0000000,0x00000000a79055d8,0x00000000b6300000)
 Metaspace       used 77676K, capacity 81722K, committed 85916K, reserved 1130496K
  class space    used 10625K, capacity 11468K, committed 12720K, reserved 1048576K
Event: 42.085 GC heap after
Heap after GC invocations=66 (full 7):
 PSYoungGen      total 179712K, used 32538K [0x00000000e0000000, 0x00000000ee100000, 0x0000000100000000)
  eden space 137216K, 0% used [0x00000000e0000000,0x00000000e0000000,0x00000000e8600000)
  from space 42496K, 76% used [0x00000000e8600000,0x00000000ea5c6940,0x00000000eaf80000)
  to   space 42496K, 0% used [0x00000000eb780000,0x00000000eb780000,0x00000000ee100000)
 ParOldGen       total 363520K, used 125177K [0x00000000a0000000, 0x00000000b6300000, 0x00000000e0000000)
  object space 363520K, 34% used [0x00000000a0000000,0x00000000a7a3e750,0x00000000b6300000)
 Metaspace       used 77676K, capacity 81722K, committed 85916K, reserved 1130496K
  class space    used 10625K, capacity 11468K, committed 12720K, reserved 1048576K
}
Event: 42.242 GC heap before
{Heap before GC invocations=67 (full 7):
 PSYoungGen      total 179712K, used 169754K [0x00000000e0000000, 0x00000000ee100000, 0x0000000100000000)
  eden space 137216K, 100% used [0x00000000e0000000,0x00000000e8600000,0x00000000e8600000)
  from space 42496K, 76% used [0x00000000e8600000,0x00000000ea5c6940,0x00000000eaf80000)
  to   space 42496K, 0% used [0x00000000eb780000,0x00000000eb780000,0x00000000ee100000)
 ParOldGen       total 363520K, used 125177K [0x00000000a0000000, 0x00000000b6300000, 0x00000000e0000000)
  object space 363520K, 34% used [0x00000000a0000000,0x00000000a7a3e750,0x00000000b6300000)
 Metaspace       used 78027K, capacity 82188K, committed 85916K, reserved 1130496K
  class space    used 10673K, capacity 11529K, committed 12720K, reserved 1048576K
Event: 42.266 GC heap after
Heap after GC invocations=67 (full 7):
 PSYoungGen      total 187392K, used 33539K [0x00000000e0000000, 0x00000000ee200000, 0x0000000100000000)
  eden space 144896K, 0% used [0x00000000e0000000,0x00000000e0000000,0x00000000e8d80000)
  from space 42496K, 78% used [0x00000000eb780000,0x00000000ed840c70,0x00000000ee100000)
  to   space 43008K, 0% used [0x00000000e8d80000,0x00000000e8d80000,0x00000000eb780000)
 ParOldGen       total 363520K, used 127051K [0x00000000a0000000, 0x00000000b6300000, 0x00000000e0000000)
  object space 363520K, 34% used [0x00000000a0000000,0x00000000a7c12c70,0x00000000b6300000)
 Metaspace       used 78027K, capacity 82188K, committed 85916K, reserved 1130496K
  class space    used 10673K, capacity 11529K, committed 12720K, reserved 1048576K
}
Event: 42.571 GC heap before
{Heap before GC invocations=68 (full 7):
 PSYoungGen      total 187392K, used 178435K [0x00000000e0000000, 0x00000000ee200000, 0x0000000100000000)
  eden space 144896K, 100% used [0x00000000e0000000,0x00000000e8d80000,0x00000000e8d80000)
  from space 42496K, 78% used [0x00000000eb780000,0x00000000ed840c70,0x00000000ee100000)
  to   space 43008K, 0% used [0x00000000e8d80000,0x00000000e8d80000,0x00000000eb780000)
 ParOldGen       total 363520K, used 127051K [0x00000000a0000000, 0x00000000b6300000, 0x00000000e0000000)
  object space 363520K, 34% used [0x00000000a0000000,0x00000000a7c12c70,0x00000000b6300000)
 Metaspace       used 78293K, capacity 82508K, committed 86172K, reserved 1130496K
  class space    used 10681K, capacity 11537K, committed 12720K, reserved 1048576K
Event: 42.589 GC heap after
Heap after GC invocations=68 (full 7):
 PSYoungGen      total 187904K, used 25904K [0x00000000e0000000, 0x00000000ee780000, 0x0000000100000000)
  eden space 144896K, 0% used [0x00000000e0000000,0x00000000e0000000,0x00000000e8d80000)
  from space 43008K, 60% used [0x00000000e8d80000,0x00000000ea6cc360,0x00000000eb780000)
  to   space 41984K, 0% used [0x00000000ebe80000,0x00000000ebe80000,0x00000000ee780000)
 ParOldGen       total 363520K, used 128094K [0x00000000a0000000, 0x00000000b6300000, 0x00000000e0000000)
  object space 363520K, 35% used [0x00000000a0000000,0x00000000a7d17b78,0x00000000b6300000)
 Metaspace       used 78293K, capacity 82508K, committed 86172K, reserved 1130496K
  class space    used 10681K, capacity 11537K, committed 12720K, reserved 1048576K
}
Event: 43.254 GC heap before
{Heap before GC invocations=69 (full 7):
 PSYoungGen      total 187904K, used 170800K [0x00000000e0000000, 0x00000000ee780000, 0x0000000100000000)
  eden space 144896K, 100% used [0x00000000e0000000,0x00000000e8d80000,0x00000000e8d80000)
  from space 43008K, 60% used [0x00000000e8d80000,0x00000000ea6cc360,0x00000000eb780000)
  to   space 41984K, 0% used [0x00000000ebe80000,0x00000000ebe80000,0x00000000ee780000)
 ParOldGen       total 363520K, used 128094K [0x00000000a0000000, 0x00000000b6300000, 0x00000000e0000000)
  object space 363520K, 35% used [0x00000000a0000000,0x00000000a7d17b78,0x00000000b6300000)
 Metaspace       used 78587K, capacity 82774K, committed 86428K, reserved 1130496K
  class space    used 10682K, capacity 11538K, committed 12720K, reserved 1048576K
Event: 43.302 GC heap after
Heap after GC invocations=69 (full 7):
 PSYoungGen      total 186880K, used 41973K [0x00000000e0000000, 0x00000000ee780000, 0x0000000100000000)
  eden space 144896K, 0% used [0x00000000e0000000,0x00000000e0000000,0x00000000e8d80000)
  from space 41984K, 99% used [0x00000000ebe80000,0x00000000ee77d7a0,0x00000000ee780000)
  to   space 43008K, 0% used [0x00000000e8d80000,0x00000000e8d80000,0x00000000eb780000)
 ParOldGen       total 363520K, used 158415K [0x00000000a0000000, 0x00000000b6300000, 0x00000000e0000000)
  object space 363520K, 43% used [0x00000000a0000000,0x00000000a9ab3ff0,0x00000000b6300000)
 Metaspace       used 78587K, capacity 82774K, committed 86428K, reserved 1130496K
  class space    used 10682K, capacity 11538K, committed 12720K, reserved 1048576K
}
Event: 43.955 GC heap before
{Heap before GC invocations=70 (full 7):
 PSYoungGen      total 186880K, used 186869K [0x00000000e0000000, 0x00000000ee780000, 0x0000000100000000)
  eden space 144896K, 100% used [0x00000000e0000000,0x00000000e8d80000,0x00000000e8d80000)
  from space 41984K, 99% used [0x00000000ebe80000,0x00000000ee77d7a0,0x00000000ee780000)
  to   space 43008K, 0% used [0x00000000e8d80000,0x00000000e8d80000,0x00000000eb780000)
 ParOldGen       total 363520K, used 158415K [0x00000000a0000000, 0x00000000b6300000, 0x00000000e0000000)
  object space 363520K, 43% used [0x00000000a0000000,0x00000000a9ab3ff0,0x00000000b6300000)
 Metaspace       used 78970K, capacity 83260K, committed 86940K, reserved 1130496K
  class space    used 10720K, capacity 11603K, committed 12720K, reserved 1048576K
Event: 44.012 GC heap after
Heap after GC invocations=70 (full 7):
 PSYoungGen      total 187904K, used 42977K [0x00000000e0000000, 0x00000000ee780000, 0x0000000100000000)
  eden space 144896K, 0% used [0x00000000e0000000,0x00000000e0000000,0x00000000e8d80000)
  from space 43008K, 99% used [0x00000000e8d80000,0x00000000eb778590,0x00000000eb780000)
  to   space 41984K, 0% used [0x00000000ebe80000,0x00000000ebe80000,0x00000000ee780000)
 ParOldGen       total 363520K, used 193678K [0x00000000a0000000, 0x00000000b6300000, 0x00000000e0000000)
  object space 363520K, 53% used [0x00000000a0000000,0x00000000abd23bb8,0x00000000b6300000)
 Metaspace       used 78970K, capacity 83260K, committed 86940K, reserved 1130496K
  class space    used 10720K, capacity 11603K, committed 12720K, reserved 1048576K
}

Deoptimization events (10 events):
Event: 44.320 Thread 0x0000000020380000 Uncommon trap: reason=predicate action=maybe_recompile pc=0x0000000005b150d8 method=java.util.TimSort.reverseRange([Ljava/lang/Object;II)V @ 8
Event: 44.332 Thread 0x0000000020380000 Uncommon trap: reason=class_check action=maybe_recompile pc=0x0000000004989cfc method=kotlin.reflect.jvm.internal.impl.protobuf.CodedInputStream.tryRefillBuffer(I)Z @ 175
Event: 44.334 Thread 0x0000000020380000 Uncommon trap: reason=class_check action=maybe_recompile pc=0x0000000004989cfc method=kotlin.reflect.jvm.internal.impl.protobuf.CodedInputStream.tryRefillBuffer(I)Z @ 175
Event: 44.335 Thread 0x0000000020380000 Uncommon trap: reason=class_check action=maybe_recompile pc=0x0000000004989cfc method=kotlin.reflect.jvm.internal.impl.protobuf.CodedInputStream.tryRefillBuffer(I)Z @ 175
Event: 44.336 Thread 0x0000000020380000 Uncommon trap: reason=class_check action=maybe_recompile pc=0x0000000004989cfc method=kotlin.reflect.jvm.internal.impl.protobuf.CodedInputStream.tryRefillBuffer(I)Z @ 175
Event: 44.432 Thread 0x000000001cc98000 Uncommon trap: reason=class_check action=maybe_recompile pc=0x0000000003b14ae8 method=java.io.DataInputStream.readUnsignedShort()I @ 4
Event: 44.432 Thread 0x000000001cc98000 Uncommon trap: reason=class_check action=maybe_recompile pc=0x0000000003b14ae8 method=java.io.DataInputStream.readUnsignedShort()I @ 4
Event: 44.489 Thread 0x000000001cc9c000 Uncommon trap: reason=unstable_if action=reinterpret pc=0x0000000005b14918 method=kotlin.text.StringsKt__StringsJVMKt.endsWith(Ljava/lang/String;Ljava/lang/String;Z)Z @ 15
Event: 44.504 Thread 0x000000001cc9c800 Uncommon trap: reason=unstable_if action=reinterpret pc=0x0000000004ca2a48 method=java.nio.Bits.copyToArray(JLjava/lang/Object;JJJ)V @ 19
Event: 44.511 Thread 0x000000001cc98000 Uncommon trap: reason=unstable_if action=reinterpret pc=0x0000000003f4b32c method=sun.nio.ch.IOUtil.readIntoNativeBuffer(Ljava/io/FileDescriptor;Ljava/nio/ByteBuffer;JLsun/nio/ch/NativeDispatcher;)I @ 66

Classes redefined (0 events):
No events

Internal exceptions (10 events):
Event: 44.268 Thread 0x0000000028cfb800 Exception <a 'sun/nio/fs/WindowsException'> (0x00000000e478cf40) thrown at [D:\src\AOSP-openjdk-cygwin\jdk8u\hotspot\src\share\vm\prims\jni.cpp, line 710]
Event: 44.277 Thread 0x0000000028d02800 Exception <a 'java/lang/InterruptedException'> (0x00000000e486e008) thrown at [D:\src\AOSP-openjdk-cygwin\jdk8u\hotspot\src\share\vm\runtime\objectMonitor.cpp, line 1491]
Event: 44.392 Thread 0x0000000020380000 Exception <a 'java/lang/NoSuchMethodError': <clinit>> (0x00000000e52f7918) thrown at [D:\src\AOSP-openjdk-cygwin\jdk8u\hotspot\src\share\vm\prims\jni.cpp, line 1614]
Event: 44.392 Thread 0x0000000020380000 Exception <a 'java/lang/NoSuchMethodError': <clinit>> (0x00000000e52fc178) thrown at [D:\src\AOSP-openjdk-cygwin\jdk8u\hotspot\src\share\vm\prims\jni.cpp, line 1614]
Event: 44.393 Thread 0x0000000020380000 Exception <a 'java/lang/NoSuchMethodError': <clinit>> (0x00000000e5319768) thrown at [D:\src\AOSP-openjdk-cygwin\jdk8u\hotspot\src\share\vm\prims\jni.cpp, line 1614]
Event: 44.394 Thread 0x0000000020380000 Exception <a 'java/lang/NoSuchMethodError': <clinit>> (0x00000000e5350008) thrown at [D:\src\AOSP-openjdk-cygwin\jdk8u\hotspot\src\share\vm\prims\jni.cpp, line 1614]
Event: 44.395 Thread 0x0000000020380000 Exception <a 'java/lang/NoSuchMethodError': <clinit>> (0x00000000e5361ac0) thrown at [D:\src\AOSP-openjdk-cygwin\jdk8u\hotspot\src\share\vm\prims\jni.cpp, line 1614]
Event: 44.470 Thread 0x000000001cc98000 Exception <a 'sun/nio/fs/WindowsException'> (0x00000000e58832a8) thrown at [D:\src\AOSP-openjdk-cygwin\jdk8u\hotspot\src\share\vm\prims\jni.cpp, line 710]
Event: 44.470 Thread 0x000000001cc98000 Exception <a 'sun/nio/fs/WindowsException'> (0x00000000e58837a0) thrown at [D:\src\AOSP-openjdk-cygwin\jdk8u\hotspot\src\share\vm\prims\jni.cpp, line 710]
Event: 44.477 Thread 0x000000001cc98000 Exception <a 'java/lang/NoSuchMethodError': java.lang.Object.lambda$static$0(Lcom/android/apksig/util/RunnablesProvider;)V> (0x00000000e58f5180) thrown at [D:\src\AOSP-openjdk-cygwin\jdk8u\hotspot\src\share\vm\interpreter\linkResolver.cpp, line 620]

Events (10 events):
Event: 44.520 Executing VM operation: RevokeBias done
Event: 44.521 Thread 0x0000000018b3e800 flushing nmethod 0x0000000004eb6910
Event: 44.521 Thread 0x0000000018b3e800 flushing nmethod 0x0000000004ef0fd0
Event: 44.521 Executing VM operation: RevokeBias
Event: 44.521 Executing VM operation: RevokeBias done
Event: 44.521 Thread 0x0000000018b3e800 flushing nmethod 0x0000000004f55310
Event: 44.524 Thread 0x0000000018b3e800 flushing nmethod 0x00000000056846d0
Event: 44.524 Thread 0x0000000018b3e800 flushing nmethod 0x00000000056a51d0
Event: 44.524 Thread 0x0000000018b3e800 flushing nmethod 0x00000000056d3c10
Event: 44.524 Thread 0x0000000018b3e800 flushing nmethod 0x0000000005769bd0


Dynamic libraries:
0x00007ff62e800000 - 0x00007ff62e831000 	X:\Android Studio\jre\bin\java.exe
0x00007ffb13010000 - 0x00007ffb131f1000 	C:\Windows\SYSTEM32\ntdll.dll
0x00007ffb107b0000 - 0x00007ffb10861000 	C:\Windows\System32\KERNEL32.DLL
0x00007ffb0ffa0000 - 0x00007ffb10213000 	C:\Windows\System32\KERNELBASE.dll
0x00007ffb10f10000 - 0x00007ffb10fb1000 	C:\Windows\System32\ADVAPI32.dll
0x00007ffb12cd0000 - 0x00007ffb12d6e000 	C:\Windows\System32\msvcrt.dll
0x00007ffb12e60000 - 0x00007ffb12ebb000 	C:\Windows\System32\sechost.dll
0x00007ffb12530000 - 0x00007ffb12654000 	C:\Windows\System32\RPCRT4.dll
0x00007ffb108d0000 - 0x00007ffb10a61000 	C:\Windows\System32\USER32.dll
0x00007ffb10410000 - 0x00007ffb10430000 	C:\Windows\System32\win32u.dll
0x00007ffb12fb0000 - 0x00007ffb12fd8000 	C:\Windows\System32\GDI32.dll
0x00007ffb0f3c0000 - 0x00007ffb0f551000 	C:\Windows\System32\gdi32full.dll
0x00007ffb0f5c0000 - 0x00007ffb0f65f000 	C:\Windows\System32\msvcp_win.dll
0x00007ffb0f6e0000 - 0x00007ffb0f7d8000 	C:\Windows\System32\ucrtbase.dll
0x00007ffaff9a0000 - 0x00007ffaffc09000 	C:\Windows\WinSxS\amd64_microsoft.windows.common-controls_6595b64144ccf1df_6.0.17134.1184_none_d403e8b37c8ca406\COMCTL32.dll
0x00007ffb10480000 - 0x00007ffb107a1000 	C:\Windows\System32\combase.dll
0x00007ffb0f660000 - 0x00007ffb0f6d9000 	C:\Windows\System32\bcryptPrimitives.dll
0x00007ffb12e30000 - 0x00007ffb12e5d000 	C:\Windows\System32\IMM32.DLL
0x00000000754f0000 - 0x00000000755c2000 	X:\Android Studio\jre\jre\bin\msvcr100.dll
0x00000000756b0000 - 0x0000000075ef6000 	X:\Android Studio\jre\jre\bin\server\jvm.dll
0x00007ffb10a70000 - 0x00007ffb10a78000 	C:\Windows\System32\PSAPI.DLL
0x00007ffb0a230000 - 0x00007ffb0a239000 	C:\Windows\SYSTEM32\WSOCK32.dll
0x00007ffb09c40000 - 0x00007ffb09c4a000 	C:\Windows\SYSTEM32\VERSION.dll
0x00007ffb0c9f0000 - 0x00007ffb0ca13000 	C:\Windows\SYSTEM32\WINMM.dll
0x00007ffb124c0000 - 0x00007ffb1252c000 	C:\Windows\System32\WS2_32.dll
0x00007ffb0c9c0000 - 0x00007ffb0c9ea000 	C:\Windows\SYSTEM32\winmmbase.dll
0x00007ffb10430000 - 0x00007ffb10479000 	C:\Windows\System32\cfgmgr32.dll
0x00007ffb0a220000 - 0x00007ffb0a22f000 	X:\Android Studio\jre\jre\bin\verify.dll
0x00007ffb09730000 - 0x00007ffb09759000 	X:\Android Studio\jre\jre\bin\java.dll
0x00007ffb09710000 - 0x00007ffb09726000 	X:\Android Studio\jre\jre\bin\zip.dll
0x00007ffb10fc0000 - 0x00007ffb12405000 	C:\Windows\System32\SHELL32.dll
0x00007ffb12410000 - 0x00007ffb124b9000 	C:\Windows\System32\shcore.dll
0x00007ffb0f890000 - 0x00007ffb0ffa0000 	C:\Windows\System32\windows.storage.dll
0x00007ffb12dd0000 - 0x00007ffb12e21000 	C:\Windows\System32\shlwapi.dll
0x00007ffb0f330000 - 0x00007ffb0f341000 	C:\Windows\System32\kernel.appcore.dll
0x00007ffb0f310000 - 0x00007ffb0f32f000 	C:\Windows\System32\profapi.dll
0x00007ffb0f350000 - 0x00007ffb0f39c000 	C:\Windows\System32\powrprof.dll
0x00007ffb0f300000 - 0x00007ffb0f30a000 	C:\Windows\System32\FLTLIB.DLL
0x00007ffb096f0000 - 0x00007ffb0970a000 	X:\Android Studio\jre\jre\bin\net.dll
0x00007ffaff370000 - 0x00007ffaff53a000 	C:\Windows\SYSTEM32\urlmon.dll
0x00007ffaff6f0000 - 0x00007ffaff997000 	C:\Windows\SYSTEM32\iertutil.dll
0x00007ffb0ecf0000 - 0x00007ffb0ecfb000 	C:\Windows\SYSTEM32\CRYPTBASE.DLL
0x00007ffb0eb20000 - 0x00007ffb0eb86000 	C:\Windows\system32\mswsock.dll
0x00007ffb096d0000 - 0x00007ffb096e3000 	X:\Android Studio\jre\jre\bin\nio.dll
0x00007ffb09650000 - 0x00007ffb09676000 	C:\Users\tHROWINGuP\.gradle\native\31\windows-amd64\native-platform.dll
0x00007ffb09fd0000 - 0x00007ffb09fdd000 	X:\Android Studio\jre\jre\bin\management.dll
0x00007ffb0ecd0000 - 0x00007ffb0ece7000 	C:\Windows\SYSTEM32\CRYPTSP.dll
0x00007ffb0e6d0000 - 0x00007ffb0e703000 	C:\Windows\system32\rsaenh.dll
0x00007ffb0ee00000 - 0x00007ffb0ee25000 	C:\Windows\SYSTEM32\bcrypt.dll
0x00007ffb0f230000 - 0x00007ffb0f258000 	C:\Windows\SYSTEM32\USERENV.dll
0x00007ffb0e870000 - 0x00007ffb0e8a8000 	C:\Windows\SYSTEM32\IPHLPAPI.DLL
0x00007ffb10bf0000 - 0x00007ffb10bf8000 	C:\Windows\System32\NSI.dll
0x00007ffb07e50000 - 0x00007ffb07e66000 	C:\Windows\SYSTEM32\dhcpcsvc6.DLL
0x00007ffb07e20000 - 0x00007ffb07e3a000 	C:\Windows\SYSTEM32\dhcpcsvc.DLL

VM Arguments:
jvm_args: -Xmx1536m -Dfile.encoding=GBK -Duser.country=CN -Duser.language=zh -Duser.variant 
java_command: org.gradle.launcher.daemon.bootstrap.GradleDaemon 6.1.1
java_class_path (initial): C:\Users\tHROWINGuP\.gradle\wrapper\dists\gradle-6.1.1-all\cfmwm155h49vnt3hynmlrsdst\gradle-6.1.1\lib\gradle-launcher-6.1.1.jar
Launcher Type: SUN_STANDARD

Environment Variables:
JAVA_HOME=C:\Program Files\Java\jdk1.8.0_201
CLASSPATH=.;C:\Program Files\Java\jdk1.8.0_201\lib
PATH=C:\Program Files (x86)\Common Files\Oracle\Java\javapath;C:\Program Files (x86)\Intel\Intel(R) Management Engine Components\iCLS\;C:\Program Files\Intel\Intel(R) Management Engine Components\iCLS\;C:\Windows\system32;C:\Windows;C:\Windows\System32\Wbem;C:\Windows\System32\WindowsPowerShell\v1.0\;C:\Windows\System32\OpenSSH\;C:\Program Files (x86)\Intel\Intel(R) Management Engine Components\DAL;C:\Program Files\Intel\Intel(R) Management Engine Components\DAL;C:\Program Files (x86)\Intel\Intel(R) Management Engine Components\IPT;C:\Program Files\Intel\Intel(R) Management Engine Components\IPT;C:\Program Files (x86)\NVIDIA Corporation\PhysX\Common;C:\Program Files (x86)\Microsoft SQL Server\100\Tools\Binn\;C:\Program Files\Microsoft SQL Server\100\Tools\Binn\;C:\Program Files\Microsoft SQL Server\100\DTS\Binn\;C:\Program Files\dotnet\;C:\Program Files\Java\jdk1.8.0_201\bin;X:\Git\cmd;X:\MatLab2016A\MatLab\runtime\win64;X:\MatLab2016A\MatLab\bin;X:\MatLab2016A\MatLab\polyspace\bin;C:\Program Files (x86)\GtkSharp\;X:\Program Files (x86)\Node;X:\Program Files (x86)\Matlab2019a\runtime\win64;X:\Program Files (x86)\Matlab2019a\bin;X:\Program Files (x86)\Matlab2019a\polyspace\bin;C:\Users\tHROWINGuP\AppData\Local\Microsoft\WindowsApps;;X:\Microsoft VS Code\bin;C:\Users\tHROWINGuP\AppData\Roaming\npm
USERNAME=tHROWINGuP
OS=Windows_NT
PROCESSOR_IDENTIFIER=Intel64 Family 6 Model 158 Stepping 10, GenuineIntel



---------------  S Y S T E M  ---------------

OS: Windows 10.0 , 64 bit Build 17134 (10.0.17134.753)

CPU:total 12 (initial active 12) (6 cores per cpu, 2 threads per core) family 6 model 158 stepping 10, cmov, cx8, fxsr, mmx, sse, sse2, sse3, ssse3, sse4.1, sse4.2, popcnt, avx, avx2, aes, clmul, erms, 3dnowpref, lzcnt, ht, tsc, tscinvbit, bmi1, bmi2, adx

Memory: 4k page, physical 8258868k(1705928k free), swap 10356020k(10844k free)

vm_info: OpenJDK 64-Bit Server VM (25.212-b04) for windows-amd64 JRE (1.8.0_212-release-1586-b04), built by "builder" with MS VC++ 10.0 (VS2010)

time: Tue Jun 23 22:01:01 2020
timezone: 中国标准时间
elapsed time: 44 seconds (0d 0h 0m 44s)

